#-----------------------------------------------------------
# Vivado v2023.2 (64-bit)
# SW Build 4029153 on Fri Oct 13 20:14:34 MDT 2023
# IP Build 4028589 on Sat Oct 14 00:45:43 MDT 2023
# SharedData Build 4025554 on Tue Oct 10 17:18:54 MDT 2023
# Start of session at: Wed Mar 20 01:03:21 2024
# Process ID: 15212
# Current directory: C:/Users/Aworinde David/Downloads/HW5
# Command line: vivado.exe -gui_launcher_event rodinguilauncherevent15280 C:\Users\Aworinde David\Downloads\HW5\HW5.xpr
# Log file: C:/Users/Aworinde David/Downloads/HW5/vivado.log
# Journal file: C:/Users/Aworinde David/Downloads/HW5\vivado.jou
# Running On: DESKTOP-7SMBR44, OS: Windows, CPU Frequency: 2904 MHz, CPU Physical cores: 4, Host memory: 17072 MB
#-----------------------------------------------------------
start_gui
open_project {C:/Users/Aworinde David/Downloads/HW5/HW5.xpr}
WARNING: [Board 49-26] cannot add Board Part xilinx.com:kc705:part0:1.6 available at C:/Xilinx/Vivado/2023.2/data/xhub/boards/XilinxBoardStore/boards/Xilinx/kc705/1.6/board.xml as part xc7k325tffg900-2 specified in board_part file is either invalid or not available
WARNING: [Board 49-26] cannot add Board Part xilinx.com:kcu105:part0:1.6 available at C:/Xilinx/Vivado/2023.2/data/xhub/boards/XilinxBoardStore/boards/Xilinx/kcu105/1.6/board.xml as part xcku040-ffva1156-2-e specified in board_part file is either invalid or not available
WARNING: [Board 49-26] cannot add Board Part xilinx.com:kcu105:part0:1.7 available at C:/Xilinx/Vivado/2023.2/data/xhub/boards/XilinxBoardStore/boards/Xilinx/kcu105/1.7/board.xml as part xcku040-ffva1156-2-e specified in board_part file is either invalid or not available
WARNING: [Board 49-26] cannot add Board Part xilinx.com:kcu1500:part0:1.2 available at C:/Xilinx/Vivado/2023.2/data/xhub/boards/XilinxBoardStore/boards/Xilinx/kcu1500/1.2/board.xml as part xcku115-flvb2104-2-e specified in board_part file is either invalid or not available
WARNING: [Board 49-26] cannot add Board Part xilinx.com:vc707:part0:1.4 available at C:/Xilinx/Vivado/2023.2/data/xhub/boards/XilinxBoardStore/boards/Xilinx/vc707/1.4/board.xml as part xc7vx485tffg1761-2 specified in board_part file is either invalid or not available
WARNING: [Board 49-26] cannot add Board Part xilinx.com:vc709:part0:1.8 available at C:/Xilinx/Vivado/2023.2/data/xhub/boards/XilinxBoardStore/boards/Xilinx/vc709/1.8/board.xml as part xc7vx690tffg1761-2 specified in board_part file is either invalid or not available
WARNING: [Board 49-26] cannot add Board Part xilinx.com:vck190:part0:2.2 available at C:/Xilinx/Vivado/2023.2/data/xhub/boards/XilinxBoardStore/boards/Xilinx/vck190/production/2.2/board.xml as part xcvc1902-vsva2197-2mp-e-s specified in board_part file is either invalid or not available
WARNING: [Board 49-26] cannot add Board Part xilinx.com:vck190:part0:3.0 available at C:/Xilinx/Vivado/2023.2/data/xhub/boards/XilinxBoardStore/boards/Xilinx/vck190/production/3.0/board.xml as part xcvc1902-vsva2197-2mp-e-s specified in board_part file is either invalid or not available
WARNING: [Board 49-26] cannot add Board Part xilinx.com:vck190:part0:3.1 available at C:/Xilinx/Vivado/2023.2/data/xhub/boards/XilinxBoardStore/boards/Xilinx/vck190/production/3.1/board.xml as part xcvc1902-vsva2197-2mp-e-s specified in board_part file is either invalid or not available
WARNING: [Board 49-26] cannot add Board Part xilinx.com:vck190:part0:3.2 available at C:/Xilinx/Vivado/2023.2/data/xhub/boards/XilinxBoardStore/boards/Xilinx/vck190/production/3.2/board.xml as part xcvc1902-vsva2197-2mp-e-s specified in board_part file is either invalid or not available
WARNING: [Board 49-26] cannot add Board Part xilinx.com:vck190_newl:part0:1.0 available at C:/Xilinx/Vivado/2023.2/data/xhub/boards/XilinxBoardStore/boards/Xilinx/vck190_newl/production/1.0/board.xml as part xcvc1902-vsva2197-2mp-e-s specified in board_part file is either invalid or not available
WARNING: [Board 49-26] cannot add Board Part xilinx.com:vck190_newl:part0:1.1 available at C:/Xilinx/Vivado/2023.2/data/xhub/boards/XilinxBoardStore/boards/Xilinx/vck190_newl/production/1.1/board.xml as part xcvc1902-vsva2197-2mp-e-s specified in board_part file is either invalid or not available
WARNING: [Board 49-26] cannot add Board Part xilinx.com:vcu108:part0:1.6 available at C:/Xilinx/Vivado/2023.2/data/xhub/boards/XilinxBoardStore/boards/Xilinx/vcu108/1.6/board.xml as part xcvu095-ffva2104-2-e specified in board_part file is either invalid or not available
WARNING: [Board 49-26] cannot add Board Part xilinx.com:vcu108:part0:1.7 available at C:/Xilinx/Vivado/2023.2/data/xhub/boards/XilinxBoardStore/boards/Xilinx/vcu108/1.7/board.xml as part xcvu095-ffva2104-2-e specified in board_part file is either invalid or not available
WARNING: [Board 49-26] cannot add Board Part xilinx.com:vcu110:part0:1.4 available at C:/Xilinx/Vivado/2023.2/data/xhub/boards/XilinxBoardStore/boards/Xilinx/vcu110/1.4/board.xml as part xcvu190-flgc2104-2-e specified in board_part file is either invalid or not available
WARNING: [Board 49-26] cannot add Board Part xilinx.com:vcu118:part0:2.0 available at C:/Xilinx/Vivado/2023.2/data/xhub/boards/XilinxBoardStore/boards/Xilinx/vcu118/2.0/board.xml as part xcvu9p-flga2104-2l-e specified in board_part file is either invalid or not available
WARNING: [Board 49-26] cannot add Board Part xilinx.com:vcu118:part0:2.3 available at C:/Xilinx/Vivado/2023.2/data/xhub/boards/XilinxBoardStore/boards/Xilinx/vcu118/2.3/board.xml as part xcvu9p-flga2104-2l-e specified in board_part file is either invalid or not available
WARNING: [Board 49-26] cannot add Board Part xilinx.com:vcu118:part0:2.4 available at C:/Xilinx/Vivado/2023.2/data/xhub/boards/XilinxBoardStore/boards/Xilinx/vcu118/2.4/board.xml as part xcvu9p-flga2104-2l-e specified in board_part file is either invalid or not available
WARNING: [Board 49-26] cannot add Board Part xilinx.com:vcu129:part0:1.0 available at C:/Xilinx/Vivado/2023.2/data/xhub/boards/XilinxBoardStore/boards/Xilinx/vcu129/production/1.0/board.xml as part xcvu29p-fsga2577-2l-e specified in board_part file is either invalid or not available
WARNING: [Board 49-26] cannot add Board Part xilinx.com:vcu1525:part0:1.3 available at C:/Xilinx/Vivado/2023.2/data/xhub/boards/XilinxBoardStore/boards/Xilinx/vcu1525/1.3/board.xml as part xcvu9p-fsgd2104-2l-e specified in board_part file is either invalid or not available
WARNING: [Board 49-26] cannot add Board Part xilinx.com:vek280:part0:1.0 available at C:/Xilinx/Vivado/2023.2/data/xhub/boards/XilinxBoardStore/boards/Xilinx/vek280/production/1.0/board.xml as part xcve2802-vsvh1760-2mp-e-s specified in board_part file is either invalid or not available
WARNING: [Board 49-26] cannot add Board Part xilinx.com:vek280_es:part0:1.0 available at C:/Xilinx/Vivado/2023.2/data/xhub/boards/XilinxBoardStore/boards/Xilinx/vek280/es/rev_a/1.0/board.xml as part xcve2802-vsvh1760-2lp-e-s-es1 specified in board_part file is either invalid or not available
WARNING: [Board 49-26] cannot add Board Part xilinx.com:vek280_es:part0:1.1 available at C:/Xilinx/Vivado/2023.2/data/xhub/boards/XilinxBoardStore/boards/Xilinx/vek280/es/rev_a/1.1/board.xml as part xcve2802-vsvh1760-2lp-e-s-es1 specified in board_part file is either invalid or not available
WARNING: [Board 49-26] cannot add Board Part xilinx.com:vek280_es_revb:part0:1.0 available at C:/Xilinx/Vivado/2023.2/data/xhub/boards/XilinxBoardStore/boards/Xilinx/vek280/es/rev_b/1.0/board.xml as part xcve2802-vsvh1760-2mp-e-s-es1 specified in board_part file is either invalid or not available
WARNING: [Board 49-26] cannot add Board Part xilinx.com:vek280_es_revb:part0:1.1 available at C:/Xilinx/Vivado/2023.2/data/xhub/boards/XilinxBoardStore/boards/Xilinx/vek280/es/rev_b/1.1/board.xml as part xcve2802-vsvh1760-2mp-e-s-es1 specified in board_part file is either invalid or not available
WARNING: [Board 49-26] cannot add Board Part xilinx.com:vermeo_t1_mpsoc:part0:1.0 available at C:/Xilinx/Vivado/2023.2/data/xhub/boards/XilinxBoardStore/boards/Xilinx/vermeo_t1_mpsoc/1.0/board.xml as part xczu19eg-ffvd1760-2l-e specified in board_part file is either invalid or not available
WARNING: [Board 49-26] cannot add Board Part xilinx.com:vermeo_t1_rfsoc:part0:1.0 available at C:/Xilinx/Vivado/2023.2/data/xhub/boards/XilinxBoardStore/boards/Xilinx/vermeo_t1_rfsoc/1.0/board.xml as part xczu21dr-ffvd1156-2l-e specified in board_part file is either invalid or not available
WARNING: [Board 49-26] cannot add Board Part xilinx.com:vhk158:part0:1.0 available at C:/Xilinx/Vivado/2023.2/data/xhub/boards/XilinxBoardStore/boards/Xilinx/vhk158/production/1.0/board.xml as part xcvh1582-vsva3697-2mp-e-s specified in board_part file is either invalid or not available
WARNING: [Board 49-26] cannot add Board Part xilinx.com:vhk158:part0:1.1 available at C:/Xilinx/Vivado/2023.2/data/xhub/boards/XilinxBoardStore/boards/Xilinx/vhk158/production/1.1/board.xml as part xcvh1582-vsva3697-2mp-e-s specified in board_part file is either invalid or not available
WARNING: [Board 49-26] cannot add Board Part xilinx.com:vhk158_es:part0:1.0 available at C:/Xilinx/Vivado/2023.2/data/xhub/boards/XilinxBoardStore/boards/Xilinx/vhk158/es/1.0/board.xml as part xcvh1582-vsva3697-2mp-e-s-es1 specified in board_part file is either invalid or not available
WARNING: [Board 49-26] cannot add Board Part xilinx.com:vhk158_es:part0:1.1 available at C:/Xilinx/Vivado/2023.2/data/xhub/boards/XilinxBoardStore/boards/Xilinx/vhk158/es/1.1/board.xml as part xcvh1582-vsva3697-2mp-e-s-es1 specified in board_part file is either invalid or not available
WARNING: [Board 49-26] cannot add Board Part xilinx.com:vmk180:part0:2.2 available at C:/Xilinx/Vivado/2023.2/data/xhub/boards/XilinxBoardStore/boards/Xilinx/vmk180/production/2.2/board.xml as part xcvm1802-vsva2197-2mp-e-s specified in board_part file is either invalid or not available
WARNING: [Board 49-26] cannot add Board Part xilinx.com:vmk180:part0:3.0 available at C:/Xilinx/Vivado/2023.2/data/xhub/boards/XilinxBoardStore/boards/Xilinx/vmk180/production/3.0/board.xml as part xcvm1802-vsva2197-2mp-e-s specified in board_part file is either invalid or not available
WARNING: [Board 49-26] cannot add Board Part xilinx.com:vmk180:part0:3.1 available at C:/Xilinx/Vivado/2023.2/data/xhub/boards/XilinxBoardStore/boards/Xilinx/vmk180/production/3.1/board.xml as part xcvm1802-vsva2197-2mp-e-s specified in board_part file is either invalid or not available
WARNING: [Board 49-26] cannot add Board Part xilinx.com:vmk180:part0:3.2 available at C:/Xilinx/Vivado/2023.2/data/xhub/boards/XilinxBoardStore/boards/Xilinx/vmk180/production/3.2/board.xml as part xcvm1802-vsva2197-2mp-e-s specified in board_part file is either invalid or not available
WARNING: [Board 49-26] cannot add Board Part xilinx.com:vmk180_newl:part0:1.0 available at C:/Xilinx/Vivado/2023.2/data/xhub/boards/XilinxBoardStore/boards/Xilinx/vmk180_newl/production/1.0/board.xml as part xcvm1802-vsva2197-2mp-e-s specified in board_part file is either invalid or not available
WARNING: [Board 49-26] cannot add Board Part xilinx.com:vmk180_newl:part0:1.1 available at C:/Xilinx/Vivado/2023.2/data/xhub/boards/XilinxBoardStore/boards/Xilinx/vmk180_newl/production/1.1/board.xml as part xcvm1802-vsva2197-2mp-e-s specified in board_part file is either invalid or not available
WARNING: [Board 49-26] cannot add Board Part xilinx.com:vpk120:part0:1.0 available at C:/Xilinx/Vivado/2023.2/data/xhub/boards/XilinxBoardStore/boards/Xilinx/vpk120/production/1.0/board.xml as part xcvp1202-vsva2785-2mp-e-s specified in board_part file is either invalid or not available
WARNING: [Board 49-26] cannot add Board Part xilinx.com:vpk120:part0:1.1 available at C:/Xilinx/Vivado/2023.2/data/xhub/boards/XilinxBoardStore/boards/Xilinx/vpk120/production/1.1/board.xml as part xcvp1202-vsva2785-2mp-e-s specified in board_part file is either invalid or not available
WARNING: [Board 49-26] cannot add Board Part xilinx.com:vpk120:part0:1.2 available at C:/Xilinx/Vivado/2023.2/data/xhub/boards/XilinxBoardStore/boards/Xilinx/vpk120/production/1.2/board.xml as part xcvp1202-vsva2785-2mp-e-s specified in board_part file is either invalid or not available
WARNING: [Board 49-26] cannot add Board Part xilinx.com:vpk180:part0:1.0 available at C:/Xilinx/Vivado/2023.2/data/xhub/boards/XilinxBoardStore/boards/Xilinx/vpk180/production/1.0/board.xml as part xcvp1802-lsvc4072-2mp-e-s specified in board_part file is either invalid or not available
WARNING: [Board 49-26] cannot add Board Part xilinx.com:vpk180:part0:1.1 available at C:/Xilinx/Vivado/2023.2/data/xhub/boards/XilinxBoardStore/boards/Xilinx/vpk180/production/1.1/board.xml as part xcvp1802-lsvc4072-2mp-e-s specified in board_part file is either invalid or not available
WARNING: [Board 49-26] cannot add Board Part xilinx.com:zc706:part0:1.4 available at C:/Xilinx/Vivado/2023.2/data/xhub/boards/XilinxBoardStore/boards/Xilinx/zc706/1.4/board.xml as part xc7z045ffg900-2 specified in board_part file is either invalid or not available
WARNING: [Board 49-26] cannot add Board Part xilinx.com:zcu102:part0:3.3 available at C:/Xilinx/Vivado/2023.2/data/xhub/boards/XilinxBoardStore/boards/Xilinx/zcu102/3.3/board.xml as part xczu9eg-ffvb1156-2-e specified in board_part file is either invalid or not available
WARNING: [Board 49-26] cannot add Board Part xilinx.com:zcu102:part0:3.4 available at C:/Xilinx/Vivado/2023.2/data/xhub/boards/XilinxBoardStore/boards/Xilinx/zcu102/3.4/board.xml as part xczu9eg-ffvb1156-2-e specified in board_part file is either invalid or not available
WARNING: [Board 49-26] cannot add Board Part xilinx.com:zcu111:part0:1.2 available at C:/Xilinx/Vivado/2023.2/data/xhub/boards/XilinxBoardStore/boards/Xilinx/zcu111/1.2/board.xml as part xczu28dr-ffvg1517-2-e specified in board_part file is either invalid or not available
WARNING: [Board 49-26] cannot add Board Part xilinx.com:zcu111:part0:1.3 available at C:/Xilinx/Vivado/2023.2/data/xhub/boards/XilinxBoardStore/boards/Xilinx/zcu111/1.3/board.xml as part xczu28dr-ffvg1517-2-e specified in board_part file is either invalid or not available
WARNING: [Board 49-26] cannot add Board Part xilinx.com:zcu111:part0:1.4 available at C:/Xilinx/Vivado/2023.2/data/xhub/boards/XilinxBoardStore/boards/Xilinx/zcu111/1.4/board.xml as part xczu28dr-ffvg1517-2-e specified in board_part file is either invalid or not available
WARNING: [Board 49-26] cannot add Board Part xilinx.com:zcu1275:part0:1.0 available at C:/Xilinx/Vivado/2023.2/data/xhub/boards/XilinxBoardStore/boards/Xilinx/zcu1275/1.0/board.xml as part xczu29dr-ffvf1760-2-e specified in board_part file is either invalid or not available
WARNING: [Board 49-26] cannot add Board Part xilinx.com:zcu1285:part0:1.0 available at C:/Xilinx/Vivado/2023.2/data/xhub/boards/XilinxBoardStore/boards/Xilinx/zcu1285/1.0/board.xml as part xczu39dr-ffvf1760-2-i specified in board_part file is either invalid or not available
WARNING: [Board 49-26] cannot add Board Part xilinx.com:zcu208:part0:2.0 available at C:/Xilinx/Vivado/2023.2/data/xhub/boards/XilinxBoardStore/boards/Xilinx/zcu208/production/2.0/board.xml as part xczu48dr-fsvg1517-2-e specified in board_part file is either invalid or not available
WARNING: [Board 49-26] cannot add Board Part xilinx.com:zcu208ld:part0:2.0 available at C:/Xilinx/Vivado/2023.2/data/xhub/boards/XilinxBoardStore/boards/Xilinx/zcu208ld/production/2.0/board.xml as part xczu58dr-fsvg1517-2-i specified in board_part file is either invalid or not available
WARNING: [Board 49-26] cannot add Board Part xilinx.com:zcu216:part0:2.0 available at C:/Xilinx/Vivado/2023.2/data/xhub/boards/XilinxBoardStore/boards/Xilinx/zcu216/production/2.0/board.xml as part xczu49dr-ffvf1760-2-e specified in board_part file is either invalid or not available
WARNING: [Board 49-26] cannot add Board Part xilinx.com:zcu216ld:part0:2.0 available at C:/Xilinx/Vivado/2023.2/data/xhub/boards/XilinxBoardStore/boards/Xilinx/zcu216ld/production/2.0/board.xml as part xczu59dr-ffvf1760-2-i specified in board_part file is either invalid or not available
WARNING: [Board 49-26] cannot add Board Part xilinx.com:zcu670:part0:2.0 available at C:/Xilinx/Vivado/2023.2/data/xhub/boards/XilinxBoardStore/boards/Xilinx/zcu670/2.0/board.xml as part xczu67dr-fsve1156-2-i specified in board_part file is either invalid or not available
WARNING: [Board 49-26] cannot add Board Part xilinx.com:zcu670ld:part0:1.0 available at C:/Xilinx/Vivado/2023.2/data/xhub/boards/XilinxBoardStore/boards/Xilinx/zcu670ld/1.0/board.xml as part xczu57dr-fsve1156-2-i specified in board_part file is either invalid or not available
INFO: [filemgmt 56-3] Default IP Output Path : Could not find the directory 'C:/Users/Aworinde David/Downloads/HW5/HW5.gen/sources_1'.
Scanning sources...
Finished scanning sources
INFO: [IP_Flow 19-234] Refreshing IP repositories
INFO: [IP_Flow 19-1704] No user IP repositories specified
INFO: [IP_Flow 19-2313] Loaded Vivado IP repository 'C:/Xilinx/Vivado/2023.2/data/ip'.
open_project: Time (s): cpu = 00:00:24 ; elapsed = 00:00:11 . Memory (MB): peak = 1441.820 ; gain = 270.332
update_compile_order -fileset sources_1
set_property top WBStage_tb [get_filesets sim_1]
set_property top_lib xil_defaultlib [get_filesets sim_1]
update_compile_order -fileset sim_1
launch_simulation
Command: launch_simulation 
INFO: [Vivado 12-12493] Simulation top is 'WBStage_tb'
WARNING: [Vivado 12-13340] Unable to auto find GCC executables from simulator install path! (path not set)
INFO: [Vivado 12-5682] Launching behavioral simulation in 'C:/Users/Aworinde David/Downloads/HW5/HW5.sim/sim_1/behav/xsim'
INFO: [SIM-utils-51] Simulation object is 'sim_1'
INFO: [SIM-utils-72] Using boost library from 'C:/Xilinx/Vivado/2023.2/tps/boost_1_72_0'
INFO: [SIM-utils-54] Inspecting design source files for 'WBStage_tb' in fileset 'sim_1'...
INFO: [USF-XSim-97] Finding global include files...
INFO: [USF-XSim-98] Fetching design files from 'sim_1'...
INFO: [USF-XSim-2] XSim::Compile design
INFO: [USF-XSim-61] Executing 'COMPILE and ANALYZE' step in 'C:/Users/Aworinde David/Downloads/HW5/HW5.sim/sim_1/behav/xsim'
"xvlog --incr --relax -prj WBStage_tb_vlog.prj"
ECHO is off.
ECHO is off.
INFO: [VRFC 10-2263] Analyzing Verilog file "C:/Users/Aworinde David/Downloads/HW5/HW5.srcs/sim_1/new/tbwb.v" into library xil_defaultlib
INFO: [VRFC 10-311] analyzing module WBStage_tb
INFO: [USF-XSim-69] 'compile' step finished in '2' seconds
INFO: [USF-XSim-3] XSim::Elaborate design
INFO: [USF-XSim-61] Executing 'ELABORATE' step in 'C:/Users/Aworinde David/Downloads/HW5/HW5.sim/sim_1/behav/xsim'
"xelab --incr --debug typical --relax --mt 2 -L xil_defaultlib -L unisims_ver -L unimacro_ver -L secureip --snapshot WBStage_tb_behav xil_defaultlib.WBStage_tb xil_defaultlib.glbl -log elaborate.log"
ECHO is off.
ECHO is off.
Vivado Simulator v2023.2
Copyright 1986-2022 Xilinx, Inc. All Rights Reserved.
Copyright 2022-2023 Advanced Micro Devices, Inc. All Rights Reserved.
Running: C:/Xilinx/Vivado/2023.2/bin/unwrapped/win64.o/xelab.exe --incr --debug typical --relax --mt 2 -L xil_defaultlib -L unisims_ver -L unimacro_ver -L secureip --snapshot WBStage_tb_behav xil_defaultlib.WBStage_tb xil_defaultlib.glbl -log elaborate.log 
Using 2 slave threads.
Starting static elaboration
Pass Through NonSizing Optimizer
Completed static elaboration
Starting simulation data flow analysis
Completed simulation data flow analysis
Time Resolution for simulation is 1ps
Compiling module xil_defaultlib.WBStage
Compiling module xil_defaultlib.WBStage_tb
Compiling module xil_defaultlib.glbl
Built simulation snapshot WBStage_tb_behav
INFO: [USF-XSim-69] 'elaborate' step finished in '3' seconds
INFO: [USF-XSim-4] XSim::Simulate design
INFO: [USF-XSim-61] Executing 'SIMULATE' step in 'C:/Users/Aworinde David/Downloads/HW5/HW5.sim/sim_1/behav/xsim'
INFO: [USF-XSim-98] *** Running xsim
   with args "WBStage_tb_behav -key {Behavioral:sim_1:Functional:WBStage_tb} -tclbatch {WBStage_tb.tcl} -view {{C:/Users/Aworinde David/Downloads/HW5/InstructionDecode_tb_behav.wcfg}} -log {simulate.log}"
INFO: [USF-XSim-8] Loading simulator feature
Time resolution is 1 ps
open_wave_config {C:/Users/Aworinde David/Downloads/HW5/InstructionDecode_tb_behav.wcfg}
WARNING: Simulation object /EXStage_tb/clk_tb was not found in the design.
WARNING: Simulation object /EXStage_tb/reset_tb was not found in the design.
WARNING: Simulation object /EXStage_tb/PC_tb was not found in the design.
WARNING: Simulation object /EXStage_tb/FS_tb was not found in the design.
WARNING: Simulation object /EXStage_tb/A_tb was not found in the design.
WARNING: Simulation object /EXStage_tb/B_tb was not found in the design.
WARNING: Simulation object /EXStage_tb/F_out_tb was not found in the design.
WARNING: Simulation object /EXStage_tb/RW_tb was not found in the design.
WARNING: Simulation object /EXStage_tb/MW_tb was not found in the design.
WARNING: Simulation object /EXStage_tb/DA_tb was not found in the design.
WARNING: Simulation object /EXStage_tb/SH_tb was not found in the design.
WARNING: Simulation object /EXStage_tb/BS_tb was not found in the design.
WARNING: Simulation object /EXStage_tb/PS_tb was not found in the design.
WARNING: Simulation object /EXStage_tb/MD_tb was not found in the design.
WARNING: Simulation object /EXStage_tb/RW_out_tb was not found in the design.
WARNING: Simulation object /EXStage_tb/N_xor_V_tb was not found in the design.
WARNING: Simulation object /EXStage_tb/DA_out_tb was not found in the design.
WARNING: Simulation object /EXStage_tb/muxD_out_tb was not found in the design.
WARNING: Simulation object /EXStage_tb/BrA_tb was not found in the design.
WARNING: Simulation object /EXStage_tb/pcsrc_tb was not found in the design.
WARNING: Simulation object /EXStage_tb/uut/u1/Z was not found in the design.
WARNING: Simulation object /EXStage_tb/uut/u1/V was not found in the design.
WARNING: Simulation object /EXStage_tb/uut/u1/N was not found in the design.
WARNING: Simulation object /EXStage_tb/uut/u1/C was not found in the design.
WARNING: Simulation object /EXStage_tb/uut/u2/MW was not found in the design.
WARNING: Simulation object /EXStage_tb/uut/u2/address was not found in the design.
WARNING: Simulation object /EXStage_tb/uut/u2/writeData was not found in the design.
WARNING: Simulation object /EXStage_tb/uut/u2/readData was not found in the design.
WARNING: Simulation object /EXStage_tb/readDataFromMem_tb was not found in the design.
WARNING: Simulation object /EXStage_tb/uut/dataMemOut was not found in the design.
source WBStage_tb.tcl
# set curr_wave [current_wave_config]
# if { [string length $curr_wave] == 0 } {
#   if { [llength [get_objects]] > 0} {
#     add_wave /
#     set_property needs_save false [current_wave_config]
#   } else {
#      send_msg_id Add_Wave-1 WARNING "No top level signals found. Simulator will start without a wave window. If you want to open a wave window go to 'File->New Waveform Configuration' or type 'create_wave_config' in the TCL console."
#   }
# }
# run 1000ns
$finish called at time : 170 ns : File "C:/Users/Aworinde David/Downloads/HW5/HW5.srcs/sim_1/new/tbwb.v" Line 115
xsim: Time (s): cpu = 00:00:06 ; elapsed = 00:00:05 . Memory (MB): peak = 1493.402 ; gain = 20.434
INFO: [USF-XSim-96] XSim completed. Design snapshot 'WBStage_tb_behav' loaded.
INFO: [USF-XSim-97] XSim simulation ran for 1000ns
launch_simulation: Time (s): cpu = 00:00:08 ; elapsed = 00:00:12 . Memory (MB): peak = 1493.402 ; gain = 23.785
relaunch_sim
Command: launch_simulation -step compile -simset sim_1 -mode behavioral
INFO: [Vivado 12-12493] Simulation top is 'WBStage_tb'
WARNING: [Vivado 12-13340] Unable to auto find GCC executables from simulator install path! (path not set)
INFO: [Vivado 12-5682] Launching behavioral simulation in 'C:/Users/Aworinde David/Downloads/HW5/HW5.sim/sim_1/behav/xsim'
INFO: [SIM-utils-51] Simulation object is 'sim_1'
INFO: [SIM-utils-72] Using boost library from 'C:/Xilinx/Vivado/2023.2/tps/boost_1_72_0'
INFO: [SIM-utils-54] Inspecting design source files for 'WBStage_tb' in fileset 'sim_1'...
INFO: [USF-XSim-97] Finding global include files...
INFO: [USF-XSim-98] Fetching design files from 'sim_1'...
INFO: [USF-XSim-2] XSim::Compile design
INFO: [USF-XSim-61] Executing 'COMPILE and ANALYZE' step in 'C:/Users/Aworinde David/Downloads/HW5/HW5.sim/sim_1/behav/xsim'
"xvlog --incr --relax -prj WBStage_tb_vlog.prj"
ECHO is off.
ECHO is off.
INFO: [VRFC 10-2263] Analyzing Verilog file "C:/Users/Aworinde David/Downloads/HW5/HW5.srcs/sources_1/new/WBstage.v" into library xil_defaultlib
INFO: [VRFC 10-311] analyzing module WBStage
INFO: [VRFC 10-2263] Analyzing Verilog file "C:/Users/Aworinde David/Downloads/HW5/HW5.srcs/sim_1/new/tbwb.v" into library xil_defaultlib
INFO: [VRFC 10-311] analyzing module WBStage_tb
INFO: [USF-XSim-69] 'compile' step finished in '3' seconds
Command: launch_simulation -step elaborate -simset sim_1 -mode behavioral
INFO: [Vivado 12-12493] Simulation top is 'WBStage_tb'
WARNING: [Vivado 12-13340] Unable to auto find GCC executables from simulator install path! (path not set)
INFO: [Vivado 12-5682] Launching behavioral simulation in 'C:/Users/Aworinde David/Downloads/HW5/HW5.sim/sim_1/behav/xsim'
INFO: [SIM-utils-51] Simulation object is 'sim_1'
INFO: [USF-XSim-3] XSim::Elaborate design
INFO: [USF-XSim-61] Executing 'ELABORATE' step in 'C:/Users/Aworinde David/Downloads/HW5/HW5.sim/sim_1/behav/xsim'
"xelab --incr --debug typical --relax --mt 2 -L xil_defaultlib -L unisims_ver -L unimacro_ver -L secureip --snapshot WBStage_tb_behav xil_defaultlib.WBStage_tb xil_defaultlib.glbl -log elaborate.log"
ECHO is off.
ECHO is off.
Vivado Simulator v2023.2
Copyright 1986-2022 Xilinx, Inc. All Rights Reserved.
Copyright 2022-2023 Advanced Micro Devices, Inc. All Rights Reserved.
Running: C:/Xilinx/Vivado/2023.2/bin/unwrapped/win64.o/xelab.exe --incr --debug typical --relax --mt 2 -L xil_defaultlib -L unisims_ver -L unimacro_ver -L secureip --snapshot WBStage_tb_behav xil_defaultlib.WBStage_tb xil_defaultlib.glbl -log elaborate.log 
Using 2 slave threads.
Starting static elaboration
Pass Through NonSizing Optimizer
Completed static elaboration
Starting simulation data flow analysis
Completed simulation data flow analysis
Time Resolution for simulation is 1ps
Compiling module xil_defaultlib.WBStage
Compiling module xil_defaultlib.WBStage_tb
Compiling module xil_defaultlib.glbl
Built simulation snapshot WBStage_tb_behav
INFO: [USF-XSim-69] 'elaborate' step finished in '3' seconds
Time resolution is 1 ps
relaunch_sim: Time (s): cpu = 00:00:02 ; elapsed = 00:00:10 . Memory (MB): peak = 1518.742 ; gain = 0.000
relaunch_sim
Command: launch_simulation -step compile -simset sim_1 -mode behavioral
INFO: [Vivado 12-12493] Simulation top is 'WBStage_tb'
WARNING: [Vivado 12-13340] Unable to auto find GCC executables from simulator install path! (path not set)
INFO: [Vivado 12-5682] Launching behavioral simulation in 'C:/Users/Aworinde David/Downloads/HW5/HW5.sim/sim_1/behav/xsim'
INFO: [SIM-utils-51] Simulation object is 'sim_1'
INFO: [USF-XSim-2] XSim::Compile design
INFO: [USF-XSim-61] Executing 'COMPILE and ANALYZE' step in 'C:/Users/Aworinde David/Downloads/HW5/HW5.sim/sim_1/behav/xsim'
"xvlog --incr --relax -prj WBStage_tb_vlog.prj"
ECHO is off.
ECHO is off.
INFO: [USF-XSim-69] 'compile' step finished in '3' seconds
Command: launch_simulation -step elaborate -simset sim_1 -mode behavioral
INFO: [Vivado 12-12493] Simulation top is 'WBStage_tb'
WARNING: [Vivado 12-13340] Unable to auto find GCC executables from simulator install path! (path not set)
INFO: [Vivado 12-5682] Launching behavioral simulation in 'C:/Users/Aworinde David/Downloads/HW5/HW5.sim/sim_1/behav/xsim'
INFO: [SIM-utils-51] Simulation object is 'sim_1'
INFO: [USF-XSim-3] XSim::Elaborate design
INFO: [USF-XSim-61] Executing 'ELABORATE' step in 'C:/Users/Aworinde David/Downloads/HW5/HW5.sim/sim_1/behav/xsim'
"xelab --incr --debug typical --relax --mt 2 -L xil_defaultlib -L unisims_ver -L unimacro_ver -L secureip --snapshot WBStage_tb_behav xil_defaultlib.WBStage_tb xil_defaultlib.glbl -log elaborate.log"
ECHO is off.
ECHO is off.
Vivado Simulator v2023.2
Copyright 1986-2022 Xilinx, Inc. All Rights Reserved.
Copyright 2022-2023 Advanced Micro Devices, Inc. All Rights Reserved.
Running: C:/Xilinx/Vivado/2023.2/bin/unwrapped/win64.o/xelab.exe --incr --debug typical --relax --mt 2 -L xil_defaultlib -L unisims_ver -L unimacro_ver -L secureip --snapshot WBStage_tb_behav xil_defaultlib.WBStage_tb xil_defaultlib.glbl -log elaborate.log 
Using 2 slave threads.
Starting static elaboration
Pass Through NonSizing Optimizer
Completed static elaboration
INFO: [XSIM 43-4323] No Change in HDL. Linking previously generated obj files to create kernel
INFO: [USF-XSim-69] 'elaborate' step finished in '2' seconds
Time resolution is 1 ps
relaunch_sim: Time (s): cpu = 00:00:01 ; elapsed = 00:00:10 . Memory (MB): peak = 1518.742 ; gain = 0.000
set_property top RISC_CPUPipeline_Testbench [get_filesets sim_1]
set_property top_lib xil_defaultlib [get_filesets sim_1]
update_compile_order -fileset sim_1
close_sim
INFO: [Simtcl 6-16] Simulation closed
WARNING: [filemgmt 56-199] Attempt to get parsing info during refresh. "On-the-fly" syntax checking information may be incorrect. [C:\Users\Aworinde David\Downloads\HW5\HW5.srcs\sources_1\new\RISC_TOP.v:]
WARNING: [filemgmt 56-199] Attempt to get parsing info during refresh. "On-the-fly" syntax checking information may be incorrect. [C:\Users\Aworinde David\Downloads\HW5\HW5.srcs\sources_1\new\InstructionFetch.v:]
WARNING: [filemgmt 56-199] Attempt to get parsing info during refresh. "On-the-fly" syntax checking information may be incorrect. [C:\Users\Aworinde David\Downloads\HW5\HW5.srcs\sim_1\new\RISC_TB.v:]
WARNING: [filemgmt 56-199] Attempt to get parsing info during refresh. "On-the-fly" syntax checking information may be incorrect. [C:\Users\Aworinde David\Downloads\HW5\HW5.srcs\sim_1\new\tbwb.v:]
WARNING: [filemgmt 56-199] Attempt to get parsing info during refresh. "On-the-fly" syntax checking information may be incorrect. [C:\Users\Aworinde David\Downloads\HW5\HW5.srcs\sources_1\new\RISC_TOP.v:]
WARNING: [filemgmt 56-199] Attempt to get parsing info during refresh. "On-the-fly" syntax checking information may be incorrect. [C:\Users\Aworinde David\Downloads\HW5\HW5.srcs\sources_1\new\InstructionFetch.v:]
WARNING: [filemgmt 56-199] Attempt to get parsing info during refresh. "On-the-fly" syntax checking information may be incorrect. [C:\Users\Aworinde David\Downloads\HW5\HW5.srcs\sim_1\new\RISC_TB.v:]
WARNING: [filemgmt 56-199] Attempt to get parsing info during refresh. "On-the-fly" syntax checking information may be incorrect. [C:\Users\Aworinde David\Downloads\HW5\HW5.srcs\sim_1\new\tbwb.v:]
ERROR: [Common 17-180] Spawn failed: No error
WARNING: [filemgmt 56-199] Attempt to get parsing info during refresh. "On-the-fly" syntax checking information may be incorrect. [C:\Users\Aworinde David\Downloads\HW5\HW5.srcs\sources_1\new\RISC_TOP.v:]
WARNING: [filemgmt 56-199] Attempt to get parsing info during refresh. "On-the-fly" syntax checking information may be incorrect. [C:\Users\Aworinde David\Downloads\HW5\HW5.srcs\sources_1\new\InstructionFetch.v:]
WARNING: [filemgmt 56-199] Attempt to get parsing info during refresh. "On-the-fly" syntax checking information may be incorrect. [C:\Users\Aworinde David\Downloads\HW5\HW5.srcs\sim_1\new\RISC_TB.v:]
WARNING: [filemgmt 56-199] Attempt to get parsing info during refresh. "On-the-fly" syntax checking information may be incorrect. [C:\Users\Aworinde David\Downloads\HW5\HW5.srcs\sim_1\new\tbwb.v:]
ERROR: [Common 17-180] Spawn failed: No error
launch_simulation
Command: launch_simulation 
INFO: [Vivado 12-12493] Simulation top is 'RISC_CPUPipeline_Testbench'
WARNING: [Vivado 12-13340] Unable to auto find GCC executables from simulator install path! (path not set)
INFO: [Vivado 12-5682] Launching behavioral simulation in 'C:/Users/Aworinde David/Downloads/HW5/HW5.sim/sim_1/behav/xsim'
INFO: [SIM-utils-51] Simulation object is 'sim_1'
INFO: [SIM-utils-72] Using boost library from 'C:/Xilinx/Vivado/2023.2/tps/boost_1_72_0'
INFO: [SIM-utils-54] Inspecting design source files for 'RISC_CPUPipeline_Testbench' in fileset 'sim_1'...
INFO: [USF-XSim-97] Finding global include files...
INFO: [USF-XSim-98] Fetching design files from 'sim_1'...
INFO: [USF-XSim-2] XSim::Compile design
INFO: [USF-XSim-61] Executing 'COMPILE and ANALYZE' step in 'C:/Users/Aworinde David/Downloads/HW5/HW5.sim/sim_1/behav/xsim'
"xvlog --incr --relax -prj RISC_CPUPipeline_Testbench_vlog.prj"
ECHO is off.
ECHO is off.
INFO: [VRFC 10-2263] Analyzing Verilog file "C:/Users/Aworinde David/Downloads/HW5/HW5.srcs/sources_1/new/ALU.v" into library xil_defaultlib
INFO: [VRFC 10-311] analyzing module ALU
INFO: [VRFC 10-2263] Analyzing Verilog file "C:/Users/Aworinde David/Downloads/HW5/HW5.srcs/sources_1/new/DecodeOperandFetch.v" into library xil_defaultlib
INFO: [VRFC 10-311] analyzing module InstructionDecode
INFO: [VRFC 10-2263] Analyzing Verilog file "C:/Users/Aworinde David/Downloads/HW5/HW5.srcs/sources_1/new/EXstage.v" into library xil_defaultlib
INFO: [VRFC 10-311] analyzing module EXStage
INFO: [VRFC 10-2263] Analyzing Verilog file "C:/Users/Aworinde David/Downloads/HW5/HW5.srcs/sources_1/new/InstructionFetch.v" into library xil_defaultlib
INFO: [VRFC 10-311] analyzing module InstructionFetch
INFO: [VRFC 10-2263] Analyzing Verilog file "C:/Users/Aworinde David/Downloads/HW5/HW5.srcs/sources_1/new/MUX_C.v" into library xil_defaultlib
INFO: [VRFC 10-311] analyzing module MUX_C
INFO: [VRFC 10-2263] Analyzing Verilog file "C:/Users/Aworinde David/Downloads/HW5/HW5.srcs/sources_1/new/RISC_TOP.v" into library xil_defaultlib
INFO: [VRFC 10-311] analyzing module RISCCPUTop
INFO: [VRFC 10-2263] Analyzing Verilog file "C:/Users/Aworinde David/Downloads/HW5/HW5.srcs/sources_1/new/Register.v" into library xil_defaultlib
INFO: [VRFC 10-311] analyzing module RegisterFile
INFO: [VRFC 10-2263] Analyzing Verilog file "C:/Users/Aworinde David/Downloads/HW5/HW5.srcs/sources_1/new/WBstage.v" into library xil_defaultlib
INFO: [VRFC 10-311] analyzing module WBStage
INFO: [VRFC 10-2263] Analyzing Verilog file "C:/Users/Aworinde David/Downloads/HW5/HW5.srcs/sources_1/new/memaccess.v" into library xil_defaultlib
INFO: [VRFC 10-311] analyzing module MEMStage
INFO: [VRFC 10-2263] Analyzing Verilog file "C:/Users/Aworinde David/Downloads/HW5/HW5.srcs/sim_1/new/RISC_TB.v" into library xil_defaultlib
INFO: [VRFC 10-311] analyzing module RISC_CPUPipeline_Testbench
INFO: [USF-XSim-69] 'compile' step finished in '2' seconds
INFO: [USF-XSim-3] XSim::Elaborate design
INFO: [USF-XSim-61] Executing 'ELABORATE' step in 'C:/Users/Aworinde David/Downloads/HW5/HW5.sim/sim_1/behav/xsim'
"xelab --incr --debug typical --relax --mt 2 -L xil_defaultlib -L unisims_ver -L unimacro_ver -L secureip --snapshot RISC_CPUPipeline_Testbench_behav xil_defaultlib.RISC_CPUPipeline_Testbench xil_defaultlib.glbl -log elaborate.log"
ECHO is off.
ECHO is off.
Vivado Simulator v2023.2
Copyright 1986-2022 Xilinx, Inc. All Rights Reserved.
Copyright 2022-2023 Advanced Micro Devices, Inc. All Rights Reserved.
Running: C:/Xilinx/Vivado/2023.2/bin/unwrapped/win64.o/xelab.exe --incr --debug typical --relax --mt 2 -L xil_defaultlib -L unisims_ver -L unimacro_ver -L secureip --snapshot RISC_CPUPipeline_Testbench_behav xil_defaultlib.RISC_CPUPipeline_Testbench xil_defaultlib.glbl -log elaborate.log 
Using 2 slave threads.
Starting static elaboration
Pass Through NonSizing Optimizer
WARNING: [VRFC 10-3091] actual bit length 5 differs from formal bit length 32 for port 'DA_out' [C:/Users/Aworinde David/Downloads/HW5/HW5.srcs/sources_1/new/RISC_TOP.v:138]
Completed static elaboration
Starting simulation data flow analysis
Completed simulation data flow analysis
Time Resolution for simulation is 1ps
Compiling module xil_defaultlib.InstructionFetch
Compiling module xil_defaultlib.RegisterFile
Compiling module xil_defaultlib.InstructionDecode
Compiling module xil_defaultlib.ALU
Compiling module xil_defaultlib.MEMStage
Compiling module xil_defaultlib.EXStage
Compiling module xil_defaultlib.WBStage
Compiling module xil_defaultlib.MUX_C
Compiling module xil_defaultlib.RISCCPUTop
Compiling module xil_defaultlib.RISC_CPUPipeline_Testbench
Compiling module xil_defaultlib.glbl
Built simulation snapshot RISC_CPUPipeline_Testbench_behav
INFO: [USF-XSim-69] 'elaborate' step finished in '4' seconds
INFO: [USF-XSim-4] XSim::Simulate design
INFO: [USF-XSim-61] Executing 'SIMULATE' step in 'C:/Users/Aworinde David/Downloads/HW5/HW5.sim/sim_1/behav/xsim'
INFO: [USF-XSim-98] *** Running xsim
   with args "RISC_CPUPipeline_Testbench_behav -key {Behavioral:sim_1:Functional:RISC_CPUPipeline_Testbench} -tclbatch {RISC_CPUPipeline_Testbench.tcl} -view {{C:/Users/Aworinde David/Downloads/HW5/InstructionDecode_tb_behav.wcfg}} -log {simulate.log}"
INFO: [USF-XSim-8] Loading simulator feature
Time resolution is 1 ps
open_wave_config {C:/Users/Aworinde David/Downloads/HW5/InstructionDecode_tb_behav.wcfg}
WARNING: Simulation object /EXStage_tb/clk_tb was not found in the design.
WARNING: Simulation object /EXStage_tb/reset_tb was not found in the design.
WARNING: Simulation object /EXStage_tb/PC_tb was not found in the design.
WARNING: Simulation object /EXStage_tb/FS_tb was not found in the design.
WARNING: Simulation object /EXStage_tb/A_tb was not found in the design.
WARNING: Simulation object /EXStage_tb/B_tb was not found in the design.
WARNING: Simulation object /EXStage_tb/F_out_tb was not found in the design.
WARNING: Simulation object /EXStage_tb/RW_tb was not found in the design.
WARNING: Simulation object /EXStage_tb/MW_tb was not found in the design.
WARNING: Simulation object /EXStage_tb/DA_tb was not found in the design.
WARNING: Simulation object /EXStage_tb/SH_tb was not found in the design.
WARNING: Simulation object /EXStage_tb/BS_tb was not found in the design.
WARNING: Simulation object /EXStage_tb/PS_tb was not found in the design.
WARNING: Simulation object /EXStage_tb/MD_tb was not found in the design.
WARNING: Simulation object /EXStage_tb/RW_out_tb was not found in the design.
WARNING: Simulation object /EXStage_tb/N_xor_V_tb was not found in the design.
WARNING: Simulation object /EXStage_tb/DA_out_tb was not found in the design.
WARNING: Simulation object /EXStage_tb/muxD_out_tb was not found in the design.
WARNING: Simulation object /EXStage_tb/BrA_tb was not found in the design.
WARNING: Simulation object /EXStage_tb/pcsrc_tb was not found in the design.
WARNING: Simulation object /EXStage_tb/uut/u1/Z was not found in the design.
WARNING: Simulation object /EXStage_tb/uut/u1/V was not found in the design.
WARNING: Simulation object /EXStage_tb/uut/u1/N was not found in the design.
WARNING: Simulation object /EXStage_tb/uut/u1/C was not found in the design.
WARNING: Simulation object /EXStage_tb/uut/u2/MW was not found in the design.
WARNING: Simulation object /EXStage_tb/uut/u2/address was not found in the design.
WARNING: Simulation object /EXStage_tb/uut/u2/writeData was not found in the design.
WARNING: Simulation object /EXStage_tb/uut/u2/readData was not found in the design.
WARNING: Simulation object /EXStage_tb/readDataFromMem_tb was not found in the design.
WARNING: Simulation object /EXStage_tb/uut/dataMemOut was not found in the design.
source RISC_CPUPipeline_Testbench.tcl
# set curr_wave [current_wave_config]
# if { [string length $curr_wave] == 0 } {
#   if { [llength [get_objects]] > 0} {
#     add_wave /
#     set_property needs_save false [current_wave_config]
#   } else {
#      send_msg_id Add_Wave-1 WARNING "No top level signals found. Simulator will start without a wave window. If you want to open a wave window go to 'File->New Waveform Configuration' or type 'create_wave_config' in the TCL console."
#   }
# }
# run 1000ns
xsim: Time (s): cpu = 00:00:03 ; elapsed = 00:00:05 . Memory (MB): peak = 2583.723 ; gain = 0.000
INFO: [USF-XSim-96] XSim completed. Design snapshot 'RISC_CPUPipeline_Testbench_behav' loaded.
INFO: [USF-XSim-97] XSim simulation ran for 1000ns
launch_simulation: Time (s): cpu = 00:00:04 ; elapsed = 00:00:12 . Memory (MB): peak = 2583.723 ; gain = 0.000
WARNING: [filemgmt 56-199] Attempt to get parsing info during refresh. "On-the-fly" syntax checking information may be incorrect. [C:\Users\Aworinde David\Downloads\HW5\HW5.srcs\sources_1\new\memaccess.v:]
WARNING: [filemgmt 56-199] Attempt to get parsing info during refresh. "On-the-fly" syntax checking information may be incorrect. [C:\Users\Aworinde David\Downloads\HW5\HW5.srcs\sources_1\new\EXstage.v:]
WARNING: [filemgmt 56-199] Attempt to get parsing info during refresh. "On-the-fly" syntax checking information may be incorrect. [C:\Users\Aworinde David\Downloads\HW5\HW5.srcs\sources_1\new\RISC_TOP.v:]
WARNING: [filemgmt 56-199] Attempt to get parsing info during refresh. "On-the-fly" syntax checking information may be incorrect. [C:\Users\Aworinde David\Downloads\HW5\HW5.srcs\sources_1\new\InstructionFetch.v:]
WARNING: [filemgmt 56-199] Attempt to get parsing info during refresh. "On-the-fly" syntax checking information may be incorrect. [C:\Users\Aworinde David\Downloads\HW5\HW5.srcs\sim_1\new\RISC_TB.v:]
WARNING: [filemgmt 56-199] Attempt to get parsing info during refresh. "On-the-fly" syntax checking information may be incorrect. [C:\Users\Aworinde David\Downloads\HW5\HW5.srcs\sim_1\new\tbwb.v:]
WARNING: [filemgmt 56-199] Attempt to get parsing info during refresh. "On-the-fly" syntax checking information may be incorrect. [C:\Users\Aworinde David\Downloads\HW5\HW5.srcs\sources_1\new\memaccess.v:]
WARNING: [filemgmt 56-199] Attempt to get parsing info during refresh. "On-the-fly" syntax checking information may be incorrect. [C:\Users\Aworinde David\Downloads\HW5\HW5.srcs\sources_1\new\EXstage.v:]
WARNING: [filemgmt 56-199] Attempt to get parsing info during refresh. "On-the-fly" syntax checking information may be incorrect. [C:\Users\Aworinde David\Downloads\HW5\HW5.srcs\sources_1\new\RISC_TOP.v:]
WARNING: [filemgmt 56-199] Attempt to get parsing info during refresh. "On-the-fly" syntax checking information may be incorrect. [C:\Users\Aworinde David\Downloads\HW5\HW5.srcs\sources_1\new\InstructionFetch.v:]
WARNING: [filemgmt 56-199] Attempt to get parsing info during refresh. "On-the-fly" syntax checking information may be incorrect. [C:\Users\Aworinde David\Downloads\HW5\HW5.srcs\sim_1\new\RISC_TB.v:]
WARNING: [filemgmt 56-199] Attempt to get parsing info during refresh. "On-the-fly" syntax checking information may be incorrect. [C:\Users\Aworinde David\Downloads\HW5\HW5.srcs\sim_1\new\tbwb.v:]
WARNING: [filemgmt 56-199] Attempt to get parsing info during refresh. "On-the-fly" syntax checking information may be incorrect. [C:\Users\Aworinde David\Downloads\HW5\HW5.srcs\sources_1\new\memaccess.v:]
WARNING: [filemgmt 56-199] Attempt to get parsing info during refresh. "On-the-fly" syntax checking information may be incorrect. [C:\Users\Aworinde David\Downloads\HW5\HW5.srcs\sources_1\new\EXstage.v:]
WARNING: [filemgmt 56-199] Attempt to get parsing info during refresh. "On-the-fly" syntax checking information may be incorrect. [C:\Users\Aworinde David\Downloads\HW5\HW5.srcs\sources_1\new\RISC_TOP.v:]
WARNING: [filemgmt 56-199] Attempt to get parsing info during refresh. "On-the-fly" syntax checking information may be incorrect. [C:\Users\Aworinde David\Downloads\HW5\HW5.srcs\sources_1\new\InstructionFetch.v:]
WARNING: [filemgmt 56-199] Attempt to get parsing info during refresh. "On-the-fly" syntax checking information may be incorrect. [C:\Users\Aworinde David\Downloads\HW5\HW5.srcs\sim_1\new\RISC_TB.v:]
WARNING: [filemgmt 56-199] Attempt to get parsing info during refresh. "On-the-fly" syntax checking information may be incorrect. [C:\Users\Aworinde David\Downloads\HW5\HW5.srcs\sim_1\new\tbwb.v:]
ERROR: [Common 17-180] Spawn failed: No error
ERROR: [Common 17-180] Spawn failed: No error
ERROR: [Common 17-180] Spawn failed: No error
relaunch_sim
Command: launch_simulation -step compile -simset sim_1 -mode behavioral
INFO: [Vivado 12-12493] Simulation top is 'RISC_CPUPipeline_Testbench'
WARNING: [Vivado 12-13340] Unable to auto find GCC executables from simulator install path! (path not set)
INFO: [Vivado 12-5682] Launching behavioral simulation in 'C:/Users/Aworinde David/Downloads/HW5/HW5.sim/sim_1/behav/xsim'
INFO: [SIM-utils-51] Simulation object is 'sim_1'
INFO: [USF-XSim-2] XSim::Compile design
INFO: [USF-XSim-61] Executing 'COMPILE and ANALYZE' step in 'C:/Users/Aworinde David/Downloads/HW5/HW5.sim/sim_1/behav/xsim'
"xvlog --incr --relax -prj RISC_CPUPipeline_Testbench_vlog.prj"
ECHO is off.
ECHO is off.
INFO: [VRFC 10-2263] Analyzing Verilog file "C:/Users/Aworinde David/Downloads/HW5/HW5.srcs/sources_1/new/ALU.v" into library xil_defaultlib
INFO: [VRFC 10-311] analyzing module ALU
INFO: [VRFC 10-2263] Analyzing Verilog file "C:/Users/Aworinde David/Downloads/HW5/HW5.srcs/sources_1/new/DecodeOperandFetch.v" into library xil_defaultlib
INFO: [VRFC 10-311] analyzing module InstructionDecode
INFO: [VRFC 10-2263] Analyzing Verilog file "C:/Users/Aworinde David/Downloads/HW5/HW5.srcs/sources_1/new/EXstage.v" into library xil_defaultlib
INFO: [VRFC 10-311] analyzing module EXStage
INFO: [VRFC 10-2263] Analyzing Verilog file "C:/Users/Aworinde David/Downloads/HW5/HW5.srcs/sources_1/new/InstructionFetch.v" into library xil_defaultlib
INFO: [VRFC 10-311] analyzing module InstructionFetch
INFO: [VRFC 10-2263] Analyzing Verilog file "C:/Users/Aworinde David/Downloads/HW5/HW5.srcs/sources_1/new/MUX_C.v" into library xil_defaultlib
INFO: [VRFC 10-311] analyzing module MUX_C
INFO: [VRFC 10-2263] Analyzing Verilog file "C:/Users/Aworinde David/Downloads/HW5/HW5.srcs/sources_1/new/RISC_TOP.v" into library xil_defaultlib
INFO: [VRFC 10-311] analyzing module RISCCPUTop
INFO: [VRFC 10-2263] Analyzing Verilog file "C:/Users/Aworinde David/Downloads/HW5/HW5.srcs/sources_1/new/Register.v" into library xil_defaultlib
INFO: [VRFC 10-311] analyzing module RegisterFile
INFO: [VRFC 10-2263] Analyzing Verilog file "C:/Users/Aworinde David/Downloads/HW5/HW5.srcs/sources_1/new/WBstage.v" into library xil_defaultlib
INFO: [VRFC 10-311] analyzing module WBStage
INFO: [VRFC 10-2263] Analyzing Verilog file "C:/Users/Aworinde David/Downloads/HW5/HW5.srcs/sources_1/new/memaccess.v" into library xil_defaultlib
INFO: [VRFC 10-311] analyzing module MEMStage
INFO: [VRFC 10-2263] Analyzing Verilog file "C:/Users/Aworinde David/Downloads/HW5/HW5.srcs/sim_1/new/RISC_TB.v" into library xil_defaultlib
INFO: [VRFC 10-311] analyzing module RISC_CPUPipeline_Testbench
INFO: [USF-XSim-69] 'compile' step finished in '2' seconds
Command: launch_simulation -step elaborate -simset sim_1 -mode behavioral
INFO: [Vivado 12-12493] Simulation top is 'RISC_CPUPipeline_Testbench'
WARNING: [Vivado 12-13340] Unable to auto find GCC executables from simulator install path! (path not set)
INFO: [Vivado 12-5682] Launching behavioral simulation in 'C:/Users/Aworinde David/Downloads/HW5/HW5.sim/sim_1/behav/xsim'
INFO: [SIM-utils-51] Simulation object is 'sim_1'
INFO: [USF-XSim-3] XSim::Elaborate design
INFO: [USF-XSim-61] Executing 'ELABORATE' step in 'C:/Users/Aworinde David/Downloads/HW5/HW5.sim/sim_1/behav/xsim'
"xelab --incr --debug typical --relax --mt 2 -L xil_defaultlib -L unisims_ver -L unimacro_ver -L secureip --snapshot RISC_CPUPipeline_Testbench_behav xil_defaultlib.RISC_CPUPipeline_Testbench xil_defaultlib.glbl -log elaborate.log"
ECHO is off.
ECHO is off.
Vivado Simulator v2023.2
Copyright 1986-2022 Xilinx, Inc. All Rights Reserved.
Copyright 2022-2023 Advanced Micro Devices, Inc. All Rights Reserved.
Running: C:/Xilinx/Vivado/2023.2/bin/unwrapped/win64.o/xelab.exe --incr --debug typical --relax --mt 2 -L xil_defaultlib -L unisims_ver -L unimacro_ver -L secureip --snapshot RISC_CPUPipeline_Testbench_behav xil_defaultlib.RISC_CPUPipeline_Testbench xil_defaultlib.glbl -log elaborate.log 
Using 2 slave threads.
Starting static elaboration
Pass Through NonSizing Optimizer
WARNING: [VRFC 10-3091] actual bit length 5 differs from formal bit length 32 for port 'DA_out' [C:/Users/Aworinde David/Downloads/HW5/HW5.srcs/sources_1/new/RISC_TOP.v:138]
Completed static elaboration
Starting simulation data flow analysis
Completed simulation data flow analysis
Time Resolution for simulation is 1ps
Compiling module xil_defaultlib.InstructionFetch
Compiling module xil_defaultlib.RegisterFile
Compiling module xil_defaultlib.InstructionDecode
Compiling module xil_defaultlib.ALU
Compiling module xil_defaultlib.MEMStage
Compiling module xil_defaultlib.EXStage
Compiling module xil_defaultlib.WBStage
Compiling module xil_defaultlib.MUX_C
Compiling module xil_defaultlib.RISCCPUTop
Compiling module xil_defaultlib.RISC_CPUPipeline_Testbench
Compiling module xil_defaultlib.glbl
Built simulation snapshot RISC_CPUPipeline_Testbench_behav
INFO: [USF-XSim-69] 'elaborate' step finished in '4' seconds
Time resolution is 1 ps
relaunch_sim: Time (s): cpu = 00:00:01 ; elapsed = 00:00:11 . Memory (MB): peak = 2583.723 ; gain = 0.000
relaunch_sim
WARNING: [filemgmt 56-199] Attempt to get parsing info during refresh. "On-the-fly" syntax checking information may be incorrect. [C:\Users\Aworinde David\Downloads\HW5\HW5.srcs\sources_1\new\memaccess.v:]
WARNING: [filemgmt 56-199] Attempt to get parsing info during refresh. "On-the-fly" syntax checking information may be incorrect. [C:\Users\Aworinde David\Downloads\HW5\HW5.srcs\sources_1\new\EXstage.v:]
WARNING: [filemgmt 56-199] Attempt to get parsing info during refresh. "On-the-fly" syntax checking information may be incorrect. [C:\Users\Aworinde David\Downloads\HW5\HW5.srcs\sources_1\new\RISC_TOP.v:]
WARNING: [filemgmt 56-199] Attempt to get parsing info during refresh. "On-the-fly" syntax checking information may be incorrect. [C:\Users\Aworinde David\Downloads\HW5\HW5.srcs\sources_1\new\InstructionFetch.v:]
WARNING: [filemgmt 56-199] Attempt to get parsing info during refresh. "On-the-fly" syntax checking information may be incorrect. [C:\Users\Aworinde David\Downloads\HW5\HW5.srcs\sim_1\new\RISC_TB.v:]
WARNING: [filemgmt 56-199] Attempt to get parsing info during refresh. "On-the-fly" syntax checking information may be incorrect. [C:\Users\Aworinde David\Downloads\HW5\HW5.srcs\sim_1\new\tbwb.v:]
WARNING: [filemgmt 56-199] Attempt to get parsing info during refresh. "On-the-fly" syntax checking information may be incorrect. [C:\Users\Aworinde David\Downloads\HW5\HW5.srcs\sources_1\new\memaccess.v:]
WARNING: [filemgmt 56-199] Attempt to get parsing info during refresh. "On-the-fly" syntax checking information may be incorrect. [C:\Users\Aworinde David\Downloads\HW5\HW5.srcs\sources_1\new\EXstage.v:]
WARNING: [filemgmt 56-199] Attempt to get parsing info during refresh. "On-the-fly" syntax checking information may be incorrect. [C:\Users\Aworinde David\Downloads\HW5\HW5.srcs\sources_1\new\RISC_TOP.v:]
WARNING: [filemgmt 56-199] Attempt to get parsing info during refresh. "On-the-fly" syntax checking information may be incorrect. [C:\Users\Aworinde David\Downloads\HW5\HW5.srcs\sources_1\new\InstructionFetch.v:]
WARNING: [filemgmt 56-199] Attempt to get parsing info during refresh. "On-the-fly" syntax checking information may be incorrect. [C:\Users\Aworinde David\Downloads\HW5\HW5.srcs\sim_1\new\RISC_TB.v:]
WARNING: [filemgmt 56-199] Attempt to get parsing info during refresh. "On-the-fly" syntax checking information may be incorrect. [C:\Users\Aworinde David\Downloads\HW5\HW5.srcs\sim_1\new\tbwb.v:]
WARNING: [filemgmt 56-199] Attempt to get parsing info during refresh. "On-the-fly" syntax checking information may be incorrect. [C:\Users\Aworinde David\Downloads\HW5\HW5.srcs\sources_1\new\memaccess.v:]
WARNING: [filemgmt 56-199] Attempt to get parsing info during refresh. "On-the-fly" syntax checking information may be incorrect. [C:\Users\Aworinde David\Downloads\HW5\HW5.srcs\sources_1\new\EXstage.v:]
WARNING: [filemgmt 56-199] Attempt to get parsing info during refresh. "On-the-fly" syntax checking information may be incorrect. [C:\Users\Aworinde David\Downloads\HW5\HW5.srcs\sources_1\new\RISC_TOP.v:]
WARNING: [filemgmt 56-199] Attempt to get parsing info during refresh. "On-the-fly" syntax checking information may be incorrect. [C:\Users\Aworinde David\Downloads\HW5\HW5.srcs\sources_1\new\InstructionFetch.v:]
WARNING: [filemgmt 56-199] Attempt to get parsing info during refresh. "On-the-fly" syntax checking information may be incorrect. [C:\Users\Aworinde David\Downloads\HW5\HW5.srcs\sim_1\new\RISC_TB.v:]
WARNING: [filemgmt 56-199] Attempt to get parsing info during refresh. "On-the-fly" syntax checking information may be incorrect. [C:\Users\Aworinde David\Downloads\HW5\HW5.srcs\sim_1\new\tbwb.v:]
Command: launch_simulation -step compile -simset sim_1 -mode behavioral
INFO: [Vivado 12-12493] Simulation top is 'RISC_CPUPipeline_Testbench'
WARNING: [Vivado 12-13340] Unable to auto find GCC executables from simulator install path! (path not set)
ERROR: [Common 17-180] Spawn failed: No error
WARNING: [filemgmt 56-199] Attempt to get parsing info during refresh. "On-the-fly" syntax checking information may be incorrect. [C:\Users\Aworinde David\Downloads\HW5\HW5.srcs\sources_1\new\memaccess.v:]
WARNING: [filemgmt 56-199] Attempt to get parsing info during refresh. "On-the-fly" syntax checking information may be incorrect. [C:\Users\Aworinde David\Downloads\HW5\HW5.srcs\sources_1\new\EXstage.v:]
WARNING: [filemgmt 56-199] Attempt to get parsing info during refresh. "On-the-fly" syntax checking information may be incorrect. [C:\Users\Aworinde David\Downloads\HW5\HW5.srcs\sources_1\new\RISC_TOP.v:]
WARNING: [filemgmt 56-199] Attempt to get parsing info during refresh. "On-the-fly" syntax checking information may be incorrect. [C:\Users\Aworinde David\Downloads\HW5\HW5.srcs\sources_1\new\InstructionFetch.v:]
WARNING: [filemgmt 56-199] Attempt to get parsing info during refresh. "On-the-fly" syntax checking information may be incorrect. [C:\Users\Aworinde David\Downloads\HW5\HW5.srcs\sim_1\new\RISC_TB.v:]
WARNING: [filemgmt 56-199] Attempt to get parsing info during refresh. "On-the-fly" syntax checking information may be incorrect. [C:\Users\Aworinde David\Downloads\HW5\HW5.srcs\sim_1\new\tbwb.v:]
ERROR: [Common 17-180] Spawn failed: No error
WARNING: [filemgmt 56-199] Attempt to get parsing info during refresh. "On-the-fly" syntax checking information may be incorrect. [C:\Users\Aworinde David\Downloads\HW5\HW5.srcs\sources_1\new\memaccess.v:]
WARNING: [filemgmt 56-199] Attempt to get parsing info during refresh. "On-the-fly" syntax checking information may be incorrect. [C:\Users\Aworinde David\Downloads\HW5\HW5.srcs\sources_1\new\EXstage.v:]
WARNING: [filemgmt 56-199] Attempt to get parsing info during refresh. "On-the-fly" syntax checking information may be incorrect. [C:\Users\Aworinde David\Downloads\HW5\HW5.srcs\sources_1\new\RISC_TOP.v:]
WARNING: [filemgmt 56-199] Attempt to get parsing info during refresh. "On-the-fly" syntax checking information may be incorrect. [C:\Users\Aworinde David\Downloads\HW5\HW5.srcs\sources_1\new\InstructionFetch.v:]
WARNING: [filemgmt 56-199] Attempt to get parsing info during refresh. "On-the-fly" syntax checking information may be incorrect. [C:\Users\Aworinde David\Downloads\HW5\HW5.srcs\sim_1\new\RISC_TB.v:]
WARNING: [filemgmt 56-199] Attempt to get parsing info during refresh. "On-the-fly" syntax checking information may be incorrect. [C:\Users\Aworinde David\Downloads\HW5\HW5.srcs\sim_1\new\tbwb.v:]
ERROR: [Common 17-180] Spawn failed: No error
INFO: [Vivado 12-5682] Launching behavioral simulation in 'C:/Users/Aworinde David/Downloads/HW5/HW5.sim/sim_1/behav/xsim'
INFO: [SIM-utils-51] Simulation object is 'sim_1'
INFO: [USF-XSim-2] XSim::Compile design
INFO: [USF-XSim-61] Executing 'COMPILE and ANALYZE' step in 'C:/Users/Aworinde David/Downloads/HW5/HW5.sim/sim_1/behav/xsim'
"xvlog --incr --relax -prj RISC_CPUPipeline_Testbench_vlog.prj"
ECHO is off.
ECHO is off.
INFO: [VRFC 10-2263] Analyzing Verilog file "C:/Users/Aworinde David/Downloads/HW5/HW5.srcs/sources_1/new/ALU.v" into library xil_defaultlib
INFO: [VRFC 10-311] analyzing module ALU
INFO: [VRFC 10-2263] Analyzing Verilog file "C:/Users/Aworinde David/Downloads/HW5/HW5.srcs/sources_1/new/DecodeOperandFetch.v" into library xil_defaultlib
INFO: [VRFC 10-311] analyzing module InstructionDecode
INFO: [VRFC 10-2263] Analyzing Verilog file "C:/Users/Aworinde David/Downloads/HW5/HW5.srcs/sources_1/new/EXstage.v" into library xil_defaultlib
INFO: [VRFC 10-311] analyzing module EXStage
INFO: [VRFC 10-2263] Analyzing Verilog file "C:/Users/Aworinde David/Downloads/HW5/HW5.srcs/sources_1/new/InstructionFetch.v" into library xil_defaultlib
INFO: [VRFC 10-311] analyzing module InstructionFetch
INFO: [VRFC 10-2263] Analyzing Verilog file "C:/Users/Aworinde David/Downloads/HW5/HW5.srcs/sources_1/new/MUX_C.v" into library xil_defaultlib
INFO: [VRFC 10-311] analyzing module MUX_C
INFO: [VRFC 10-2263] Analyzing Verilog file "C:/Users/Aworinde David/Downloads/HW5/HW5.srcs/sources_1/new/RISC_TOP.v" into library xil_defaultlib
INFO: [VRFC 10-311] analyzing module RISCCPUTop
INFO: [VRFC 10-2263] Analyzing Verilog file "C:/Users/Aworinde David/Downloads/HW5/HW5.srcs/sources_1/new/Register.v" into library xil_defaultlib
INFO: [VRFC 10-311] analyzing module RegisterFile
INFO: [VRFC 10-2263] Analyzing Verilog file "C:/Users/Aworinde David/Downloads/HW5/HW5.srcs/sources_1/new/WBstage.v" into library xil_defaultlib
INFO: [VRFC 10-311] analyzing module WBStage
INFO: [VRFC 10-2263] Analyzing Verilog file "C:/Users/Aworinde David/Downloads/HW5/HW5.srcs/sources_1/new/memaccess.v" into library xil_defaultlib
INFO: [VRFC 10-311] analyzing module MEMStage
INFO: [VRFC 10-2263] Analyzing Verilog file "C:/Users/Aworinde David/Downloads/HW5/HW5.srcs/sim_1/new/RISC_TB.v" into library xil_defaultlib
INFO: [VRFC 10-311] analyzing module RISC_CPUPipeline_Testbench
INFO: [USF-XSim-69] 'compile' step finished in '3' seconds
ERROR: [Common 17-39] 'launch_simulation' failed due to earlier errors.
ERROR: [Common 17-69] Command failed: ERROR: [Common 17-39] 'launch_simulation' failed due to earlier errors.

relaunch_sim
Command: launch_simulation -step compile -simset sim_1 -mode behavioral
INFO: [Vivado 12-12493] Simulation top is 'RISC_CPUPipeline_Testbench'
WARNING: [Vivado 12-13340] Unable to auto find GCC executables from simulator install path! (path not set)
INFO: [Vivado 12-5682] Launching behavioral simulation in 'C:/Users/Aworinde David/Downloads/HW5/HW5.sim/sim_1/behav/xsim'
INFO: [SIM-utils-51] Simulation object is 'sim_1'
INFO: [USF-XSim-2] XSim::Compile design
INFO: [USF-XSim-61] Executing 'COMPILE and ANALYZE' step in 'C:/Users/Aworinde David/Downloads/HW5/HW5.sim/sim_1/behav/xsim'
"xvlog --incr --relax -prj RISC_CPUPipeline_Testbench_vlog.prj"
ECHO is off.
ECHO is off.
INFO: [USF-XSim-69] 'compile' step finished in '2' seconds
Command: launch_simulation -step elaborate -simset sim_1 -mode behavioral
INFO: [Vivado 12-12493] Simulation top is 'RISC_CPUPipeline_Testbench'
WARNING: [Vivado 12-13340] Unable to auto find GCC executables from simulator install path! (path not set)
INFO: [Vivado 12-5682] Launching behavioral simulation in 'C:/Users/Aworinde David/Downloads/HW5/HW5.sim/sim_1/behav/xsim'
INFO: [SIM-utils-51] Simulation object is 'sim_1'
INFO: [USF-XSim-3] XSim::Elaborate design
INFO: [USF-XSim-61] Executing 'ELABORATE' step in 'C:/Users/Aworinde David/Downloads/HW5/HW5.sim/sim_1/behav/xsim'
"xelab --incr --debug typical --relax --mt 2 -L xil_defaultlib -L unisims_ver -L unimacro_ver -L secureip --snapshot RISC_CPUPipeline_Testbench_behav xil_defaultlib.RISC_CPUPipeline_Testbench xil_defaultlib.glbl -log elaborate.log"
ECHO is off.
ECHO is off.
Vivado Simulator v2023.2
Copyright 1986-2022 Xilinx, Inc. All Rights Reserved.
Copyright 2022-2023 Advanced Micro Devices, Inc. All Rights Reserved.
Running: C:/Xilinx/Vivado/2023.2/bin/unwrapped/win64.o/xelab.exe --incr --debug typical --relax --mt 2 -L xil_defaultlib -L unisims_ver -L unimacro_ver -L secureip --snapshot RISC_CPUPipeline_Testbench_behav xil_defaultlib.RISC_CPUPipeline_Testbench xil_defaultlib.glbl -log elaborate.log 
Using 2 slave threads.
Starting static elaboration
Pass Through NonSizing Optimizer
WARNING: [VRFC 10-3091] actual bit length 5 differs from formal bit length 32 for port 'DA_out' [C:/Users/Aworinde David/Downloads/HW5/HW5.srcs/sources_1/new/RISC_TOP.v:138]
Completed static elaboration
Starting simulation data flow analysis
Completed simulation data flow analysis
Time Resolution for simulation is 1ps
Compiling module xil_defaultlib.InstructionFetch
Compiling module xil_defaultlib.RegisterFile
Compiling module xil_defaultlib.InstructionDecode
Compiling module xil_defaultlib.ALU
Compiling module xil_defaultlib.MEMStage
Compiling module xil_defaultlib.EXStage
Compiling module xil_defaultlib.WBStage
Compiling module xil_defaultlib.MUX_C
Compiling module xil_defaultlib.RISCCPUTop
Compiling module xil_defaultlib.RISC_CPUPipeline_Testbench
Compiling module xil_defaultlib.glbl
Built simulation snapshot RISC_CPUPipeline_Testbench_behav
INFO: [USF-XSim-69] 'elaborate' step finished in '3' seconds
Time resolution is 1 ps
relaunch_sim: Time (s): cpu = 00:00:01 ; elapsed = 00:00:09 . Memory (MB): peak = 2583.723 ; gain = 0.000
relaunch_sim
WARNING: [filemgmt 56-199] Attempt to get parsing info during refresh. "On-the-fly" syntax checking information may be incorrect. [C:\Users\Aworinde David\Downloads\HW5\HW5.srcs\sources_1\new\memaccess.v:]
WARNING: [filemgmt 56-199] Attempt to get parsing info during refresh. "On-the-fly" syntax checking information may be incorrect. [C:\Users\Aworinde David\Downloads\HW5\HW5.srcs\sources_1\new\EXstage.v:]
WARNING: [filemgmt 56-199] Attempt to get parsing info during refresh. "On-the-fly" syntax checking information may be incorrect. [C:\Users\Aworinde David\Downloads\HW5\HW5.srcs\sources_1\new\RISC_TOP.v:]
WARNING: [filemgmt 56-199] Attempt to get parsing info during refresh. "On-the-fly" syntax checking information may be incorrect. [C:\Users\Aworinde David\Downloads\HW5\HW5.srcs\sources_1\new\InstructionFetch.v:]
WARNING: [filemgmt 56-199] Attempt to get parsing info during refresh. "On-the-fly" syntax checking information may be incorrect. [C:\Users\Aworinde David\Downloads\HW5\HW5.srcs\sim_1\new\RISC_TB.v:]
WARNING: [filemgmt 56-199] Attempt to get parsing info during refresh. "On-the-fly" syntax checking information may be incorrect. [C:\Users\Aworinde David\Downloads\HW5\HW5.srcs\sim_1\new\tbwb.v:]
WARNING: [filemgmt 56-199] Attempt to get parsing info during refresh. "On-the-fly" syntax checking information may be incorrect. [C:\Users\Aworinde David\Downloads\HW5\HW5.srcs\sources_1\new\memaccess.v:]
WARNING: [filemgmt 56-199] Attempt to get parsing info during refresh. "On-the-fly" syntax checking information may be incorrect. [C:\Users\Aworinde David\Downloads\HW5\HW5.srcs\sources_1\new\EXstage.v:]
WARNING: [filemgmt 56-199] Attempt to get parsing info during refresh. "On-the-fly" syntax checking information may be incorrect. [C:\Users\Aworinde David\Downloads\HW5\HW5.srcs\sources_1\new\RISC_TOP.v:]
WARNING: [filemgmt 56-199] Attempt to get parsing info during refresh. "On-the-fly" syntax checking information may be incorrect. [C:\Users\Aworinde David\Downloads\HW5\HW5.srcs\sources_1\new\InstructionFetch.v:]
WARNING: [filemgmt 56-199] Attempt to get parsing info during refresh. "On-the-fly" syntax checking information may be incorrect. [C:\Users\Aworinde David\Downloads\HW5\HW5.srcs\sim_1\new\RISC_TB.v:]
WARNING: [filemgmt 56-199] Attempt to get parsing info during refresh. "On-the-fly" syntax checking information may be incorrect. [C:\Users\Aworinde David\Downloads\HW5\HW5.srcs\sim_1\new\tbwb.v:]
WARNING: [filemgmt 56-199] Attempt to get parsing info during refresh. "On-the-fly" syntax checking information may be incorrect. [C:\Users\Aworinde David\Downloads\HW5\HW5.srcs\sources_1\new\memaccess.v:]
WARNING: [filemgmt 56-199] Attempt to get parsing info during refresh. "On-the-fly" syntax checking information may be incorrect. [C:\Users\Aworinde David\Downloads\HW5\HW5.srcs\sources_1\new\EXstage.v:]
WARNING: [filemgmt 56-199] Attempt to get parsing info during refresh. "On-the-fly" syntax checking information may be incorrect. [C:\Users\Aworinde David\Downloads\HW5\HW5.srcs\sources_1\new\RISC_TOP.v:]
WARNING: [filemgmt 56-199] Attempt to get parsing info during refresh. "On-the-fly" syntax checking information may be incorrect. [C:\Users\Aworinde David\Downloads\HW5\HW5.srcs\sources_1\new\InstructionFetch.v:]
WARNING: [filemgmt 56-199] Attempt to get parsing info during refresh. "On-the-fly" syntax checking information may be incorrect. [C:\Users\Aworinde David\Downloads\HW5\HW5.srcs\sim_1\new\RISC_TB.v:]
WARNING: [filemgmt 56-199] Attempt to get parsing info during refresh. "On-the-fly" syntax checking information may be incorrect. [C:\Users\Aworinde David\Downloads\HW5\HW5.srcs\sim_1\new\tbwb.v:]
Command: launch_simulation -step compile -simset sim_1 -mode behavioral
INFO: [Vivado 12-12493] Simulation top is 'RISC_CPUPipeline_Testbench'
WARNING: [Vivado 12-13340] Unable to auto find GCC executables from simulator install path! (path not set)
ERROR: [Common 17-180] Spawn failed: No error
WARNING: [filemgmt 56-199] Attempt to get parsing info during refresh. "On-the-fly" syntax checking information may be incorrect. [C:\Users\Aworinde David\Downloads\HW5\HW5.srcs\sources_1\new\memaccess.v:]
WARNING: [filemgmt 56-199] Attempt to get parsing info during refresh. "On-the-fly" syntax checking information may be incorrect. [C:\Users\Aworinde David\Downloads\HW5\HW5.srcs\sources_1\new\EXstage.v:]
WARNING: [filemgmt 56-199] Attempt to get parsing info during refresh. "On-the-fly" syntax checking information may be incorrect. [C:\Users\Aworinde David\Downloads\HW5\HW5.srcs\sources_1\new\RISC_TOP.v:]
WARNING: [filemgmt 56-199] Attempt to get parsing info during refresh. "On-the-fly" syntax checking information may be incorrect. [C:\Users\Aworinde David\Downloads\HW5\HW5.srcs\sources_1\new\InstructionFetch.v:]
WARNING: [filemgmt 56-199] Attempt to get parsing info during refresh. "On-the-fly" syntax checking information may be incorrect. [C:\Users\Aworinde David\Downloads\HW5\HW5.srcs\sim_1\new\RISC_TB.v:]
WARNING: [filemgmt 56-199] Attempt to get parsing info during refresh. "On-the-fly" syntax checking information may be incorrect. [C:\Users\Aworinde David\Downloads\HW5\HW5.srcs\sim_1\new\tbwb.v:]
ERROR: [Common 17-180] Spawn failed: No error
WARNING: [filemgmt 56-199] Attempt to get parsing info during refresh. "On-the-fly" syntax checking information may be incorrect. [C:\Users\Aworinde David\Downloads\HW5\HW5.srcs\sources_1\new\memaccess.v:]
WARNING: [filemgmt 56-199] Attempt to get parsing info during refresh. "On-the-fly" syntax checking information may be incorrect. [C:\Users\Aworinde David\Downloads\HW5\HW5.srcs\sources_1\new\EXstage.v:]
WARNING: [filemgmt 56-199] Attempt to get parsing info during refresh. "On-the-fly" syntax checking information may be incorrect. [C:\Users\Aworinde David\Downloads\HW5\HW5.srcs\sources_1\new\RISC_TOP.v:]
WARNING: [filemgmt 56-199] Attempt to get parsing info during refresh. "On-the-fly" syntax checking information may be incorrect. [C:\Users\Aworinde David\Downloads\HW5\HW5.srcs\sources_1\new\InstructionFetch.v:]
WARNING: [filemgmt 56-199] Attempt to get parsing info during refresh. "On-the-fly" syntax checking information may be incorrect. [C:\Users\Aworinde David\Downloads\HW5\HW5.srcs\sim_1\new\RISC_TB.v:]
WARNING: [filemgmt 56-199] Attempt to get parsing info during refresh. "On-the-fly" syntax checking information may be incorrect. [C:\Users\Aworinde David\Downloads\HW5\HW5.srcs\sim_1\new\tbwb.v:]
ERROR: [Common 17-180] Spawn failed: No error
INFO: [Vivado 12-5682] Launching behavioral simulation in 'C:/Users/Aworinde David/Downloads/HW5/HW5.sim/sim_1/behav/xsim'
INFO: [SIM-utils-51] Simulation object is 'sim_1'
INFO: [USF-XSim-2] XSim::Compile design
INFO: [USF-XSim-61] Executing 'COMPILE and ANALYZE' step in 'C:/Users/Aworinde David/Downloads/HW5/HW5.sim/sim_1/behav/xsim'
"xvlog --incr --relax -prj RISC_CPUPipeline_Testbench_vlog.prj"
ECHO is off.
ECHO is off.
INFO: [VRFC 10-2263] Analyzing Verilog file "C:/Users/Aworinde David/Downloads/HW5/HW5.srcs/sources_1/new/ALU.v" into library xil_defaultlib
INFO: [VRFC 10-311] analyzing module ALU
INFO: [VRFC 10-2263] Analyzing Verilog file "C:/Users/Aworinde David/Downloads/HW5/HW5.srcs/sources_1/new/DecodeOperandFetch.v" into library xil_defaultlib
INFO: [VRFC 10-311] analyzing module InstructionDecode
INFO: [VRFC 10-2263] Analyzing Verilog file "C:/Users/Aworinde David/Downloads/HW5/HW5.srcs/sources_1/new/EXstage.v" into library xil_defaultlib
INFO: [VRFC 10-311] analyzing module EXStage
INFO: [VRFC 10-2263] Analyzing Verilog file "C:/Users/Aworinde David/Downloads/HW5/HW5.srcs/sources_1/new/InstructionFetch.v" into library xil_defaultlib
INFO: [VRFC 10-311] analyzing module InstructionFetch
INFO: [VRFC 10-2263] Analyzing Verilog file "C:/Users/Aworinde David/Downloads/HW5/HW5.srcs/sources_1/new/MUX_C.v" into library xil_defaultlib
INFO: [VRFC 10-311] analyzing module MUX_C
INFO: [VRFC 10-2263] Analyzing Verilog file "C:/Users/Aworinde David/Downloads/HW5/HW5.srcs/sources_1/new/RISC_TOP.v" into library xil_defaultlib
INFO: [VRFC 10-311] analyzing module RISCCPUTop
INFO: [VRFC 10-2263] Analyzing Verilog file "C:/Users/Aworinde David/Downloads/HW5/HW5.srcs/sources_1/new/Register.v" into library xil_defaultlib
INFO: [VRFC 10-311] analyzing module RegisterFile
INFO: [VRFC 10-2263] Analyzing Verilog file "C:/Users/Aworinde David/Downloads/HW5/HW5.srcs/sources_1/new/WBstage.v" into library xil_defaultlib
INFO: [VRFC 10-311] analyzing module WBStage
INFO: [VRFC 10-2263] Analyzing Verilog file "C:/Users/Aworinde David/Downloads/HW5/HW5.srcs/sources_1/new/memaccess.v" into library xil_defaultlib
INFO: [VRFC 10-311] analyzing module MEMStage
INFO: [VRFC 10-2263] Analyzing Verilog file "C:/Users/Aworinde David/Downloads/HW5/HW5.srcs/sim_1/new/RISC_TB.v" into library xil_defaultlib
INFO: [VRFC 10-311] analyzing module RISC_CPUPipeline_Testbench
INFO: [USF-XSim-69] 'compile' step finished in '3' seconds
ERROR: [Common 17-39] 'launch_simulation' failed due to earlier errors.
ERROR: [Common 17-69] Command failed: ERROR: [Common 17-39] 'launch_simulation' failed due to earlier errors.

relaunch_sim
Command: launch_simulation -step compile -simset sim_1 -mode behavioral
INFO: [Vivado 12-12493] Simulation top is 'RISC_CPUPipeline_Testbench'
WARNING: [Vivado 12-13340] Unable to auto find GCC executables from simulator install path! (path not set)
INFO: [Vivado 12-5682] Launching behavioral simulation in 'C:/Users/Aworinde David/Downloads/HW5/HW5.sim/sim_1/behav/xsim'
INFO: [SIM-utils-51] Simulation object is 'sim_1'
INFO: [USF-XSim-2] XSim::Compile design
INFO: [USF-XSim-61] Executing 'COMPILE and ANALYZE' step in 'C:/Users/Aworinde David/Downloads/HW5/HW5.sim/sim_1/behav/xsim'
"xvlog --incr --relax -prj RISC_CPUPipeline_Testbench_vlog.prj"
ECHO is off.
ECHO is off.
INFO: [USF-XSim-69] 'compile' step finished in '2' seconds
Command: launch_simulation -step elaborate -simset sim_1 -mode behavioral
INFO: [Vivado 12-12493] Simulation top is 'RISC_CPUPipeline_Testbench'
WARNING: [Vivado 12-13340] Unable to auto find GCC executables from simulator install path! (path not set)
INFO: [Vivado 12-5682] Launching behavioral simulation in 'C:/Users/Aworinde David/Downloads/HW5/HW5.sim/sim_1/behav/xsim'
INFO: [SIM-utils-51] Simulation object is 'sim_1'
INFO: [USF-XSim-3] XSim::Elaborate design
INFO: [USF-XSim-61] Executing 'ELABORATE' step in 'C:/Users/Aworinde David/Downloads/HW5/HW5.sim/sim_1/behav/xsim'
"xelab --incr --debug typical --relax --mt 2 -L xil_defaultlib -L unisims_ver -L unimacro_ver -L secureip --snapshot RISC_CPUPipeline_Testbench_behav xil_defaultlib.RISC_CPUPipeline_Testbench xil_defaultlib.glbl -log elaborate.log"
ECHO is off.
ECHO is off.
Vivado Simulator v2023.2
Copyright 1986-2022 Xilinx, Inc. All Rights Reserved.
Copyright 2022-2023 Advanced Micro Devices, Inc. All Rights Reserved.
Running: C:/Xilinx/Vivado/2023.2/bin/unwrapped/win64.o/xelab.exe --incr --debug typical --relax --mt 2 -L xil_defaultlib -L unisims_ver -L unimacro_ver -L secureip --snapshot RISC_CPUPipeline_Testbench_behav xil_defaultlib.RISC_CPUPipeline_Testbench xil_defaultlib.glbl -log elaborate.log 
Using 2 slave threads.
Starting static elaboration
Pass Through NonSizing Optimizer
WARNING: [VRFC 10-3091] actual bit length 5 differs from formal bit length 32 for port 'DA_out' [C:/Users/Aworinde David/Downloads/HW5/HW5.srcs/sources_1/new/RISC_TOP.v:138]
Completed static elaboration
Starting simulation data flow analysis
Completed simulation data flow analysis
Time Resolution for simulation is 1ps
Compiling module xil_defaultlib.InstructionFetch
Compiling module xil_defaultlib.RegisterFile
Compiling module xil_defaultlib.InstructionDecode
Compiling module xil_defaultlib.ALU
Compiling module xil_defaultlib.MEMStage
Compiling module xil_defaultlib.EXStage
Compiling module xil_defaultlib.WBStage
Compiling module xil_defaultlib.MUX_C
Compiling module xil_defaultlib.RISCCPUTop
Compiling module xil_defaultlib.RISC_CPUPipeline_Testbench
Compiling module xil_defaultlib.glbl
Built simulation snapshot RISC_CPUPipeline_Testbench_behav
INFO: [USF-XSim-69] 'elaborate' step finished in '4' seconds
Time resolution is 1 ps
relaunch_sim: Time (s): cpu = 00:00:00 ; elapsed = 00:00:10 . Memory (MB): peak = 2583.723 ; gain = 0.000
relaunch_sim
WARNING: [filemgmt 56-199] Attempt to get parsing info during refresh. "On-the-fly" syntax checking information may be incorrect. [C:\Users\Aworinde David\Downloads\HW5\HW5.srcs\sources_1\new\memaccess.v:]
WARNING: [filemgmt 56-199] Attempt to get parsing info during refresh. "On-the-fly" syntax checking information may be incorrect. [C:\Users\Aworinde David\Downloads\HW5\HW5.srcs\sources_1\new\EXstage.v:]
WARNING: [filemgmt 56-199] Attempt to get parsing info during refresh. "On-the-fly" syntax checking information may be incorrect. [C:\Users\Aworinde David\Downloads\HW5\HW5.srcs\sources_1\new\RISC_TOP.v:]
WARNING: [filemgmt 56-199] Attempt to get parsing info during refresh. "On-the-fly" syntax checking information may be incorrect. [C:\Users\Aworinde David\Downloads\HW5\HW5.srcs\sources_1\new\InstructionFetch.v:]
WARNING: [filemgmt 56-199] Attempt to get parsing info during refresh. "On-the-fly" syntax checking information may be incorrect. [C:\Users\Aworinde David\Downloads\HW5\HW5.srcs\sim_1\new\RISC_TB.v:]
WARNING: [filemgmt 56-199] Attempt to get parsing info during refresh. "On-the-fly" syntax checking information may be incorrect. [C:\Users\Aworinde David\Downloads\HW5\HW5.srcs\sim_1\new\tbwb.v:]
WARNING: [filemgmt 56-199] Attempt to get parsing info during refresh. "On-the-fly" syntax checking information may be incorrect. [C:\Users\Aworinde David\Downloads\HW5\HW5.srcs\sources_1\new\memaccess.v:]
WARNING: [filemgmt 56-199] Attempt to get parsing info during refresh. "On-the-fly" syntax checking information may be incorrect. [C:\Users\Aworinde David\Downloads\HW5\HW5.srcs\sources_1\new\EXstage.v:]
WARNING: [filemgmt 56-199] Attempt to get parsing info during refresh. "On-the-fly" syntax checking information may be incorrect. [C:\Users\Aworinde David\Downloads\HW5\HW5.srcs\sources_1\new\RISC_TOP.v:]
WARNING: [filemgmt 56-199] Attempt to get parsing info during refresh. "On-the-fly" syntax checking information may be incorrect. [C:\Users\Aworinde David\Downloads\HW5\HW5.srcs\sources_1\new\InstructionFetch.v:]
WARNING: [filemgmt 56-199] Attempt to get parsing info during refresh. "On-the-fly" syntax checking information may be incorrect. [C:\Users\Aworinde David\Downloads\HW5\HW5.srcs\sim_1\new\RISC_TB.v:]
WARNING: [filemgmt 56-199] Attempt to get parsing info during refresh. "On-the-fly" syntax checking information may be incorrect. [C:\Users\Aworinde David\Downloads\HW5\HW5.srcs\sim_1\new\tbwb.v:]
WARNING: [filemgmt 56-199] Attempt to get parsing info during refresh. "On-the-fly" syntax checking information may be incorrect. [C:\Users\Aworinde David\Downloads\HW5\HW5.srcs\sources_1\new\memaccess.v:]
WARNING: [filemgmt 56-199] Attempt to get parsing info during refresh. "On-the-fly" syntax checking information may be incorrect. [C:\Users\Aworinde David\Downloads\HW5\HW5.srcs\sources_1\new\EXstage.v:]
WARNING: [filemgmt 56-199] Attempt to get parsing info during refresh. "On-the-fly" syntax checking information may be incorrect. [C:\Users\Aworinde David\Downloads\HW5\HW5.srcs\sources_1\new\RISC_TOP.v:]
WARNING: [filemgmt 56-199] Attempt to get parsing info during refresh. "On-the-fly" syntax checking information may be incorrect. [C:\Users\Aworinde David\Downloads\HW5\HW5.srcs\sources_1\new\InstructionFetch.v:]
WARNING: [filemgmt 56-199] Attempt to get parsing info during refresh. "On-the-fly" syntax checking information may be incorrect. [C:\Users\Aworinde David\Downloads\HW5\HW5.srcs\sim_1\new\RISC_TB.v:]
WARNING: [filemgmt 56-199] Attempt to get parsing info during refresh. "On-the-fly" syntax checking information may be incorrect. [C:\Users\Aworinde David\Downloads\HW5\HW5.srcs\sim_1\new\tbwb.v:]
Command: launch_simulation -step compile -simset sim_1 -mode behavioral
INFO: [Vivado 12-12493] Simulation top is 'RISC_CPUPipeline_Testbench'
WARNING: [Vivado 12-13340] Unable to auto find GCC executables from simulator install path! (path not set)
ERROR: [Common 17-180] Spawn failed: No error
WARNING: [filemgmt 56-199] Attempt to get parsing info during refresh. "On-the-fly" syntax checking information may be incorrect. [C:\Users\Aworinde David\Downloads\HW5\HW5.srcs\sources_1\new\memaccess.v:]
WARNING: [filemgmt 56-199] Attempt to get parsing info during refresh. "On-the-fly" syntax checking information may be incorrect. [C:\Users\Aworinde David\Downloads\HW5\HW5.srcs\sources_1\new\EXstage.v:]
WARNING: [filemgmt 56-199] Attempt to get parsing info during refresh. "On-the-fly" syntax checking information may be incorrect. [C:\Users\Aworinde David\Downloads\HW5\HW5.srcs\sources_1\new\RISC_TOP.v:]
WARNING: [filemgmt 56-199] Attempt to get parsing info during refresh. "On-the-fly" syntax checking information may be incorrect. [C:\Users\Aworinde David\Downloads\HW5\HW5.srcs\sources_1\new\InstructionFetch.v:]
WARNING: [filemgmt 56-199] Attempt to get parsing info during refresh. "On-the-fly" syntax checking information may be incorrect. [C:\Users\Aworinde David\Downloads\HW5\HW5.srcs\sim_1\new\RISC_TB.v:]
WARNING: [filemgmt 56-199] Attempt to get parsing info during refresh. "On-the-fly" syntax checking information may be incorrect. [C:\Users\Aworinde David\Downloads\HW5\HW5.srcs\sim_1\new\tbwb.v:]
ERROR: [Common 17-180] Spawn failed: No error
WARNING: [filemgmt 56-199] Attempt to get parsing info during refresh. "On-the-fly" syntax checking information may be incorrect. [C:\Users\Aworinde David\Downloads\HW5\HW5.srcs\sources_1\new\memaccess.v:]
WARNING: [filemgmt 56-199] Attempt to get parsing info during refresh. "On-the-fly" syntax checking information may be incorrect. [C:\Users\Aworinde David\Downloads\HW5\HW5.srcs\sources_1\new\EXstage.v:]
WARNING: [filemgmt 56-199] Attempt to get parsing info during refresh. "On-the-fly" syntax checking information may be incorrect. [C:\Users\Aworinde David\Downloads\HW5\HW5.srcs\sources_1\new\RISC_TOP.v:]
WARNING: [filemgmt 56-199] Attempt to get parsing info during refresh. "On-the-fly" syntax checking information may be incorrect. [C:\Users\Aworinde David\Downloads\HW5\HW5.srcs\sources_1\new\InstructionFetch.v:]
WARNING: [filemgmt 56-199] Attempt to get parsing info during refresh. "On-the-fly" syntax checking information may be incorrect. [C:\Users\Aworinde David\Downloads\HW5\HW5.srcs\sim_1\new\RISC_TB.v:]
WARNING: [filemgmt 56-199] Attempt to get parsing info during refresh. "On-the-fly" syntax checking information may be incorrect. [C:\Users\Aworinde David\Downloads\HW5\HW5.srcs\sim_1\new\tbwb.v:]
ERROR: [Common 17-180] Spawn failed: No error
INFO: [Vivado 12-5682] Launching behavioral simulation in 'C:/Users/Aworinde David/Downloads/HW5/HW5.sim/sim_1/behav/xsim'
INFO: [SIM-utils-51] Simulation object is 'sim_1'
INFO: [USF-XSim-2] XSim::Compile design
INFO: [USF-XSim-61] Executing 'COMPILE and ANALYZE' step in 'C:/Users/Aworinde David/Downloads/HW5/HW5.sim/sim_1/behav/xsim'
"xvlog --incr --relax -prj RISC_CPUPipeline_Testbench_vlog.prj"
ECHO is off.
ECHO is off.
INFO: [VRFC 10-2263] Analyzing Verilog file "C:/Users/Aworinde David/Downloads/HW5/HW5.srcs/sources_1/new/ALU.v" into library xil_defaultlib
INFO: [VRFC 10-311] analyzing module ALU
INFO: [VRFC 10-2263] Analyzing Verilog file "C:/Users/Aworinde David/Downloads/HW5/HW5.srcs/sources_1/new/DecodeOperandFetch.v" into library xil_defaultlib
INFO: [VRFC 10-311] analyzing module InstructionDecode
INFO: [VRFC 10-2263] Analyzing Verilog file "C:/Users/Aworinde David/Downloads/HW5/HW5.srcs/sources_1/new/EXstage.v" into library xil_defaultlib
INFO: [VRFC 10-311] analyzing module EXStage
INFO: [VRFC 10-2263] Analyzing Verilog file "C:/Users/Aworinde David/Downloads/HW5/HW5.srcs/sources_1/new/InstructionFetch.v" into library xil_defaultlib
INFO: [VRFC 10-311] analyzing module InstructionFetch
INFO: [VRFC 10-2263] Analyzing Verilog file "C:/Users/Aworinde David/Downloads/HW5/HW5.srcs/sources_1/new/MUX_C.v" into library xil_defaultlib
INFO: [VRFC 10-311] analyzing module MUX_C
INFO: [VRFC 10-2263] Analyzing Verilog file "C:/Users/Aworinde David/Downloads/HW5/HW5.srcs/sources_1/new/RISC_TOP.v" into library xil_defaultlib
INFO: [VRFC 10-311] analyzing module RISCCPUTop
INFO: [VRFC 10-2263] Analyzing Verilog file "C:/Users/Aworinde David/Downloads/HW5/HW5.srcs/sources_1/new/Register.v" into library xil_defaultlib
INFO: [VRFC 10-311] analyzing module RegisterFile
INFO: [VRFC 10-2263] Analyzing Verilog file "C:/Users/Aworinde David/Downloads/HW5/HW5.srcs/sources_1/new/WBstage.v" into library xil_defaultlib
INFO: [VRFC 10-311] analyzing module WBStage
INFO: [VRFC 10-2263] Analyzing Verilog file "C:/Users/Aworinde David/Downloads/HW5/HW5.srcs/sources_1/new/memaccess.v" into library xil_defaultlib
INFO: [VRFC 10-311] analyzing module MEMStage
INFO: [VRFC 10-2263] Analyzing Verilog file "C:/Users/Aworinde David/Downloads/HW5/HW5.srcs/sim_1/new/RISC_TB.v" into library xil_defaultlib
INFO: [VRFC 10-311] analyzing module RISC_CPUPipeline_Testbench
INFO: [USF-XSim-69] 'compile' step finished in '3' seconds
ERROR: [Common 17-39] 'launch_simulation' failed due to earlier errors.
ERROR: [Common 17-69] Command failed: ERROR: [Common 17-39] 'launch_simulation' failed due to earlier errors.

relaunch_sim
Command: launch_simulation -step compile -simset sim_1 -mode behavioral
INFO: [Vivado 12-12493] Simulation top is 'RISC_CPUPipeline_Testbench'
WARNING: [Vivado 12-13340] Unable to auto find GCC executables from simulator install path! (path not set)
INFO: [Vivado 12-5682] Launching behavioral simulation in 'C:/Users/Aworinde David/Downloads/HW5/HW5.sim/sim_1/behav/xsim'
INFO: [SIM-utils-51] Simulation object is 'sim_1'
INFO: [USF-XSim-2] XSim::Compile design
INFO: [USF-XSim-61] Executing 'COMPILE and ANALYZE' step in 'C:/Users/Aworinde David/Downloads/HW5/HW5.sim/sim_1/behav/xsim'
"xvlog --incr --relax -prj RISC_CPUPipeline_Testbench_vlog.prj"
ECHO is off.
ECHO is off.
INFO: [USF-XSim-69] 'compile' step finished in '2' seconds
Command: launch_simulation -step elaborate -simset sim_1 -mode behavioral
INFO: [Vivado 12-12493] Simulation top is 'RISC_CPUPipeline_Testbench'
WARNING: [Vivado 12-13340] Unable to auto find GCC executables from simulator install path! (path not set)
INFO: [Vivado 12-5682] Launching behavioral simulation in 'C:/Users/Aworinde David/Downloads/HW5/HW5.sim/sim_1/behav/xsim'
INFO: [SIM-utils-51] Simulation object is 'sim_1'
INFO: [USF-XSim-3] XSim::Elaborate design
INFO: [USF-XSim-61] Executing 'ELABORATE' step in 'C:/Users/Aworinde David/Downloads/HW5/HW5.sim/sim_1/behav/xsim'
"xelab --incr --debug typical --relax --mt 2 -L xil_defaultlib -L unisims_ver -L unimacro_ver -L secureip --snapshot RISC_CPUPipeline_Testbench_behav xil_defaultlib.RISC_CPUPipeline_Testbench xil_defaultlib.glbl -log elaborate.log"
ECHO is off.
ECHO is off.
Vivado Simulator v2023.2
Copyright 1986-2022 Xilinx, Inc. All Rights Reserved.
Copyright 2022-2023 Advanced Micro Devices, Inc. All Rights Reserved.
Running: C:/Xilinx/Vivado/2023.2/bin/unwrapped/win64.o/xelab.exe --incr --debug typical --relax --mt 2 -L xil_defaultlib -L unisims_ver -L unimacro_ver -L secureip --snapshot RISC_CPUPipeline_Testbench_behav xil_defaultlib.RISC_CPUPipeline_Testbench xil_defaultlib.glbl -log elaborate.log 
Using 2 slave threads.
Starting static elaboration
Pass Through NonSizing Optimizer
WARNING: [VRFC 10-3091] actual bit length 5 differs from formal bit length 32 for port 'DA_out' [C:/Users/Aworinde David/Downloads/HW5/HW5.srcs/sources_1/new/RISC_TOP.v:138]
Completed static elaboration
Starting simulation data flow analysis
Completed simulation data flow analysis
Time Resolution for simulation is 1ps
Compiling module xil_defaultlib.InstructionFetch
Compiling module xil_defaultlib.RegisterFile
Compiling module xil_defaultlib.InstructionDecode
Compiling module xil_defaultlib.ALU
Compiling module xil_defaultlib.MEMStage
Compiling module xil_defaultlib.EXStage
Compiling module xil_defaultlib.WBStage
Compiling module xil_defaultlib.MUX_C
Compiling module xil_defaultlib.RISCCPUTop
Compiling module xil_defaultlib.RISC_CPUPipeline_Testbench
Compiling module xil_defaultlib.glbl
Built simulation snapshot RISC_CPUPipeline_Testbench_behav
INFO: [USF-XSim-69] 'elaborate' step finished in '5' seconds
Time resolution is 1 ps
relaunch_sim: Time (s): cpu = 00:00:00 ; elapsed = 00:00:10 . Memory (MB): peak = 2583.723 ; gain = 0.000
relaunch_sim
WARNING: [filemgmt 56-199] Attempt to get parsing info during refresh. "On-the-fly" syntax checking information may be incorrect. [C:\Users\Aworinde David\Downloads\HW5\HW5.srcs\sources_1\new\memaccess.v:]
WARNING: [filemgmt 56-199] Attempt to get parsing info during refresh. "On-the-fly" syntax checking information may be incorrect. [C:\Users\Aworinde David\Downloads\HW5\HW5.srcs\sources_1\new\EXstage.v:]
WARNING: [filemgmt 56-199] Attempt to get parsing info during refresh. "On-the-fly" syntax checking information may be incorrect. [C:\Users\Aworinde David\Downloads\HW5\HW5.srcs\sources_1\new\RISC_TOP.v:]
WARNING: [filemgmt 56-199] Attempt to get parsing info during refresh. "On-the-fly" syntax checking information may be incorrect. [C:\Users\Aworinde David\Downloads\HW5\HW5.srcs\sources_1\new\InstructionFetch.v:]
WARNING: [filemgmt 56-199] Attempt to get parsing info during refresh. "On-the-fly" syntax checking information may be incorrect. [C:\Users\Aworinde David\Downloads\HW5\HW5.srcs\sim_1\new\RISC_TB.v:]
WARNING: [filemgmt 56-199] Attempt to get parsing info during refresh. "On-the-fly" syntax checking information may be incorrect. [C:\Users\Aworinde David\Downloads\HW5\HW5.srcs\sim_1\new\tbwb.v:]
WARNING: [filemgmt 56-199] Attempt to get parsing info during refresh. "On-the-fly" syntax checking information may be incorrect. [C:\Users\Aworinde David\Downloads\HW5\HW5.srcs\sources_1\new\memaccess.v:]
WARNING: [filemgmt 56-199] Attempt to get parsing info during refresh. "On-the-fly" syntax checking information may be incorrect. [C:\Users\Aworinde David\Downloads\HW5\HW5.srcs\sources_1\new\EXstage.v:]
WARNING: [filemgmt 56-199] Attempt to get parsing info during refresh. "On-the-fly" syntax checking information may be incorrect. [C:\Users\Aworinde David\Downloads\HW5\HW5.srcs\sources_1\new\RISC_TOP.v:]
WARNING: [filemgmt 56-199] Attempt to get parsing info during refresh. "On-the-fly" syntax checking information may be incorrect. [C:\Users\Aworinde David\Downloads\HW5\HW5.srcs\sources_1\new\InstructionFetch.v:]
WARNING: [filemgmt 56-199] Attempt to get parsing info during refresh. "On-the-fly" syntax checking information may be incorrect. [C:\Users\Aworinde David\Downloads\HW5\HW5.srcs\sim_1\new\RISC_TB.v:]
WARNING: [filemgmt 56-199] Attempt to get parsing info during refresh. "On-the-fly" syntax checking information may be incorrect. [C:\Users\Aworinde David\Downloads\HW5\HW5.srcs\sim_1\new\tbwb.v:]
WARNING: [filemgmt 56-199] Attempt to get parsing info during refresh. "On-the-fly" syntax checking information may be incorrect. [C:\Users\Aworinde David\Downloads\HW5\HW5.srcs\sources_1\new\memaccess.v:]
WARNING: [filemgmt 56-199] Attempt to get parsing info during refresh. "On-the-fly" syntax checking information may be incorrect. [C:\Users\Aworinde David\Downloads\HW5\HW5.srcs\sources_1\new\EXstage.v:]
WARNING: [filemgmt 56-199] Attempt to get parsing info during refresh. "On-the-fly" syntax checking information may be incorrect. [C:\Users\Aworinde David\Downloads\HW5\HW5.srcs\sources_1\new\RISC_TOP.v:]
WARNING: [filemgmt 56-199] Attempt to get parsing info during refresh. "On-the-fly" syntax checking information may be incorrect. [C:\Users\Aworinde David\Downloads\HW5\HW5.srcs\sources_1\new\InstructionFetch.v:]
WARNING: [filemgmt 56-199] Attempt to get parsing info during refresh. "On-the-fly" syntax checking information may be incorrect. [C:\Users\Aworinde David\Downloads\HW5\HW5.srcs\sim_1\new\RISC_TB.v:]
WARNING: [filemgmt 56-199] Attempt to get parsing info during refresh. "On-the-fly" syntax checking information may be incorrect. [C:\Users\Aworinde David\Downloads\HW5\HW5.srcs\sim_1\new\tbwb.v:]
Command: launch_simulation -step compile -simset sim_1 -mode behavioral
INFO: [Vivado 12-12493] Simulation top is 'RISC_CPUPipeline_Testbench'
WARNING: [Vivado 12-13340] Unable to auto find GCC executables from simulator install path! (path not set)
WARNING: [filemgmt 56-199] Attempt to get parsing info during refresh. "On-the-fly" syntax checking information may be incorrect. [C:\Users\Aworinde David\Downloads\HW5\HW5.srcs\sources_1\new\memaccess.v:]
WARNING: [filemgmt 56-199] Attempt to get parsing info during refresh. "On-the-fly" syntax checking information may be incorrect. [C:\Users\Aworinde David\Downloads\HW5\HW5.srcs\sources_1\new\EXstage.v:]
WARNING: [filemgmt 56-199] Attempt to get parsing info during refresh. "On-the-fly" syntax checking information may be incorrect. [C:\Users\Aworinde David\Downloads\HW5\HW5.srcs\sources_1\new\RISC_TOP.v:]
WARNING: [filemgmt 56-199] Attempt to get parsing info during refresh. "On-the-fly" syntax checking information may be incorrect. [C:\Users\Aworinde David\Downloads\HW5\HW5.srcs\sources_1\new\InstructionFetch.v:]
WARNING: [filemgmt 56-199] Attempt to get parsing info during refresh. "On-the-fly" syntax checking information may be incorrect. [C:\Users\Aworinde David\Downloads\HW5\HW5.srcs\sim_1\new\RISC_TB.v:]
WARNING: [filemgmt 56-199] Attempt to get parsing info during refresh. "On-the-fly" syntax checking information may be incorrect. [C:\Users\Aworinde David\Downloads\HW5\HW5.srcs\sim_1\new\tbwb.v:]
WARNING: [filemgmt 56-199] Attempt to get parsing info during refresh. "On-the-fly" syntax checking information may be incorrect. [C:\Users\Aworinde David\Downloads\HW5\HW5.srcs\sources_1\new\memaccess.v:]
WARNING: [filemgmt 56-199] Attempt to get parsing info during refresh. "On-the-fly" syntax checking information may be incorrect. [C:\Users\Aworinde David\Downloads\HW5\HW5.srcs\sources_1\new\EXstage.v:]
WARNING: [filemgmt 56-199] Attempt to get parsing info during refresh. "On-the-fly" syntax checking information may be incorrect. [C:\Users\Aworinde David\Downloads\HW5\HW5.srcs\sources_1\new\RISC_TOP.v:]
WARNING: [filemgmt 56-199] Attempt to get parsing info during refresh. "On-the-fly" syntax checking information may be incorrect. [C:\Users\Aworinde David\Downloads\HW5\HW5.srcs\sources_1\new\InstructionFetch.v:]
WARNING: [filemgmt 56-199] Attempt to get parsing info during refresh. "On-the-fly" syntax checking information may be incorrect. [C:\Users\Aworinde David\Downloads\HW5\HW5.srcs\sim_1\new\RISC_TB.v:]
WARNING: [filemgmt 56-199] Attempt to get parsing info during refresh. "On-the-fly" syntax checking information may be incorrect. [C:\Users\Aworinde David\Downloads\HW5\HW5.srcs\sim_1\new\tbwb.v:]
INFO: [Vivado 12-5682] Launching behavioral simulation in 'C:/Users/Aworinde David/Downloads/HW5/HW5.sim/sim_1/behav/xsim'
INFO: [SIM-utils-51] Simulation object is 'sim_1'
INFO: [USF-XSim-2] XSim::Compile design
INFO: [USF-XSim-61] Executing 'COMPILE and ANALYZE' step in 'C:/Users/Aworinde David/Downloads/HW5/HW5.sim/sim_1/behav/xsim'
"xvlog --incr --relax -prj RISC_CPUPipeline_Testbench_vlog.prj"
ECHO is off.
ECHO is off.
INFO: [VRFC 10-2263] Analyzing Verilog file "C:/Users/Aworinde David/Downloads/HW5/HW5.srcs/sources_1/new/ALU.v" into library xil_defaultlib
INFO: [VRFC 10-311] analyzing module ALU
INFO: [VRFC 10-2263] Analyzing Verilog file "C:/Users/Aworinde David/Downloads/HW5/HW5.srcs/sources_1/new/DecodeOperandFetch.v" into library xil_defaultlib
INFO: [VRFC 10-311] analyzing module InstructionDecode
INFO: [VRFC 10-2263] Analyzing Verilog file "C:/Users/Aworinde David/Downloads/HW5/HW5.srcs/sources_1/new/EXstage.v" into library xil_defaultlib
INFO: [VRFC 10-311] analyzing module EXStage
INFO: [VRFC 10-2263] Analyzing Verilog file "C:/Users/Aworinde David/Downloads/HW5/HW5.srcs/sources_1/new/InstructionFetch.v" into library xil_defaultlib
INFO: [VRFC 10-311] analyzing module InstructionFetch
INFO: [VRFC 10-2263] Analyzing Verilog file "C:/Users/Aworinde David/Downloads/HW5/HW5.srcs/sources_1/new/MUX_C.v" into library xil_defaultlib
INFO: [VRFC 10-311] analyzing module MUX_C
INFO: [VRFC 10-2263] Analyzing Verilog file "C:/Users/Aworinde David/Downloads/HW5/HW5.srcs/sources_1/new/RISC_TOP.v" into library xil_defaultlib
INFO: [VRFC 10-311] analyzing module RISCCPUTop
INFO: [VRFC 10-2263] Analyzing Verilog file "C:/Users/Aworinde David/Downloads/HW5/HW5.srcs/sources_1/new/Register.v" into library xil_defaultlib
INFO: [VRFC 10-311] analyzing module RegisterFile
INFO: [VRFC 10-2263] Analyzing Verilog file "C:/Users/Aworinde David/Downloads/HW5/HW5.srcs/sources_1/new/WBstage.v" into library xil_defaultlib
INFO: [VRFC 10-311] analyzing module WBStage
INFO: [VRFC 10-2263] Analyzing Verilog file "C:/Users/Aworinde David/Downloads/HW5/HW5.srcs/sources_1/new/memaccess.v" into library xil_defaultlib
INFO: [VRFC 10-311] analyzing module MEMStage
INFO: [VRFC 10-2263] Analyzing Verilog file "C:/Users/Aworinde David/Downloads/HW5/HW5.srcs/sim_1/new/RISC_TB.v" into library xil_defaultlib
INFO: [VRFC 10-311] analyzing module RISC_CPUPipeline_Testbench
INFO: [USF-XSim-69] 'compile' step finished in '3' seconds
Command: launch_simulation -step elaborate -simset sim_1 -mode behavioral
INFO: [Vivado 12-12493] Simulation top is 'RISC_CPUPipeline_Testbench'
WARNING: [Vivado 12-13340] Unable to auto find GCC executables from simulator install path! (path not set)
INFO: [Vivado 12-5682] Launching behavioral simulation in 'C:/Users/Aworinde David/Downloads/HW5/HW5.sim/sim_1/behav/xsim'
INFO: [SIM-utils-51] Simulation object is 'sim_1'
INFO: [USF-XSim-3] XSim::Elaborate design
INFO: [USF-XSim-61] Executing 'ELABORATE' step in 'C:/Users/Aworinde David/Downloads/HW5/HW5.sim/sim_1/behav/xsim'
"xelab --incr --debug typical --relax --mt 2 -L xil_defaultlib -L unisims_ver -L unimacro_ver -L secureip --snapshot RISC_CPUPipeline_Testbench_behav xil_defaultlib.RISC_CPUPipeline_Testbench xil_defaultlib.glbl -log elaborate.log"
ECHO is off.
ECHO is off.
Vivado Simulator v2023.2
Copyright 1986-2022 Xilinx, Inc. All Rights Reserved.
Copyright 2022-2023 Advanced Micro Devices, Inc. All Rights Reserved.
Running: C:/Xilinx/Vivado/2023.2/bin/unwrapped/win64.o/xelab.exe --incr --debug typical --relax --mt 2 -L xil_defaultlib -L unisims_ver -L unimacro_ver -L secureip --snapshot RISC_CPUPipeline_Testbench_behav xil_defaultlib.RISC_CPUPipeline_Testbench xil_defaultlib.glbl -log elaborate.log 
Using 2 slave threads.
Starting static elaboration
Pass Through NonSizing Optimizer
WARNING: [VRFC 10-3091] actual bit length 5 differs from formal bit length 32 for port 'DA_out' [C:/Users/Aworinde David/Downloads/HW5/HW5.srcs/sources_1/new/RISC_TOP.v:138]
Completed static elaboration
Starting simulation data flow analysis
Completed simulation data flow analysis
Time Resolution for simulation is 1ps
Compiling module xil_defaultlib.InstructionFetch
Compiling module xil_defaultlib.RegisterFile
Compiling module xil_defaultlib.InstructionDecode
Compiling module xil_defaultlib.ALU
Compiling module xil_defaultlib.MEMStage
Compiling module xil_defaultlib.EXStage
Compiling module xil_defaultlib.WBStage
Compiling module xil_defaultlib.MUX_C
Compiling module xil_defaultlib.RISCCPUTop
Compiling module xil_defaultlib.RISC_CPUPipeline_Testbench
Compiling module xil_defaultlib.glbl
Built simulation snapshot RISC_CPUPipeline_Testbench_behav
INFO: [USF-XSim-69] 'elaborate' step finished in '3' seconds
Time resolution is 1 ps
relaunch_sim: Time (s): cpu = 00:00:01 ; elapsed = 00:00:11 . Memory (MB): peak = 2606.570 ; gain = 0.000
close_sim
INFO: [Simtcl 6-16] Simulation closed
exit
INFO: [Common 17-206] Exiting Vivado at Tue Mar 26 12:08:58 2024...
