srcscan starts
INFO: analyzing module ALU (VERI-9002)
INFO: analyzing module ALU_testbench (VERI-9002)
INFO: analyzing module MEMStage (VERI-9002)
INFO: analyzing module EXStage (VERI-9002)
INFO: analyzing module InstructionDecode (VERI-9002)
INFO: analyzing module RegisterFile (VERI-9002)
INFO: analyzing module InstructionFetch (VERI-9002)
INFO: analyzing module WBStage (VERI-9002)
INFO: analyzing module MUX_C (VERI-9002)
INFO: analyzing module RISCCPUTop (VERI-9002)
INFO: analyzing module RegisterFile_tb (VERI-9002)
INFO: analyzing module RISC_CPUPipeline_Testbench (VERI-9002)
INFO: analyzing module InstructionDecode_tb (VERI-9002)
INFO: analyzing module InstructionFetch_tb (VERI-9002)
INFO: analyzing module EXStage_tb (VERI-9002)
INFO: analyzing module MEMStage_tb (VERI-9002)
INFO: analyzing module ALU (VERI-9002)
C:/Users/Aworinde David/Downloads/HW5/HW5.srcs/sources_1/new/ALU.v(23): WARNING: overwriting previous definition of module 'ALU' (VERI-1206)
INFO: analyzing module ALU_testbench (VERI-9002)
C:/Users/Aworinde David/Downloads/HW5/HW5.srcs/sources_1/new/tb.v(25): WARNING: overwriting previous definition of module 'ALU_testbench' (VERI-1206)
INFO: analyzing module MEMStage (VERI-9002)
C:/Users/Aworinde David/Downloads/HW5/HW5.srcs/sources_1/new/memaccess.v(23): WARNING: overwriting previous definition of module 'MEMStage' (VERI-1206)
INFO: analyzing module EXStage (VERI-9002)
C:/Users/Aworinde David/Downloads/HW5/HW5.srcs/sources_1/new/EXstage.v(23): WARNING: overwriting previous definition of module 'EXStage' (VERI-1206)
INFO: analyzing module InstructionDecode (VERI-9002)
C:/Users/AWORIN~1/AppData/Local/Temp/VivadoEditorAssist15273619346252054059.tmp(23): WARNING: overwriting previous definition of module 'InstructionDecode' (VERI-1206)
INFO: analyzing module RegisterFile (VERI-9002)
C:/Users/AWORIN~1/AppData/Local/Temp/VivadoEditorAssist5940375749818232131.tmp(23): WARNING: overwriting previous definition of module 'RegisterFile' (VERI-1206)
INFO: analyzing module InstructionFetch (VERI-9002)
C:/Users/AWORIN~1/AppData/Local/Temp/VivadoEditorAssist5433058511061942618.tmp(23): WARNING: overwriting previous definition of module 'InstructionFetch' (VERI-1206)
INFO: analyzing module WBStage (VERI-9002)
C:/Users/Aworinde David/Downloads/HW5/HW5.srcs/sources_1/new/WBstage.v(23): WARNING: overwriting previous definition of module 'WBStage' (VERI-1206)
INFO: analyzing module MUX_C (VERI-9002)
C:/Users/Aworinde David/Downloads/HW5/HW5.srcs/sources_1/new/MUX_C.v(23): WARNING: overwriting previous definition of module 'MUX_C' (VERI-1206)
INFO: analyzing module RISCCPUTop (VERI-9002)
C:/Users/AWORIN~1/AppData/Local/Temp/VivadoEditorAssist9616121525874680427.tmp(22): WARNING: overwriting previous definition of module 'RISCCPUTop' (VERI-1206)
INFO: analyzing module RegisterFile_tb (VERI-9002)
C:/Users/AWORIN~1/AppData/Local/Temp/VivadoEditorAssist4631502135786610937.tmp(25): WARNING: overwriting previous definition of module 'RegisterFile_tb' (VERI-1206)
INFO: analyzing module RISC_CPUPipeline_Testbench (VERI-9002)
C:/Users/AWORIN~1/AppData/Local/Temp/VivadoEditorAssist10001921958591862834.tmp(24): WARNING: overwriting previous definition of module 'RISC_CPUPipeline_Testbench' (VERI-1206)
INFO: analyzing module InstructionDecode_tb (VERI-9002)
C:/Users/Aworinde David/Downloads/HW5/HW5.srcs/sim_1/new/tb3.v(23): WARNING: overwriting previous definition of module 'InstructionDecode_tb' (VERI-1206)
INFO: analyzing module InstructionFetch_tb (VERI-9002)
C:/Users/Aworinde David/Downloads/HW5/HW5.srcs/sim_1/new/tb2.v(25): WARNING: overwriting previous definition of module 'InstructionFetch_tb' (VERI-1206)
INFO: analyzing module EXStage_tb (VERI-9002)
C:/Users/Aworinde David/Downloads/HW5/HW5.srcs/sim_1/new/tb5.v(23): WARNING: overwriting previous definition of module 'EXStage_tb' (VERI-1206)
INFO: analyzing module MEMStage_tb (VERI-9002)
C:/Users/AWORIN~1/AppData/Local/Temp/VivadoEditorAssist5940355089947233444.tmp(25): WARNING: overwriting previous definition of module 'MEMStage_tb' (VERI-1206)
srcscan exits with return value 0
