srcscan starts
INFO: analyzing module ALU (VERI-9002)
INFO: analyzing module ALU_testbench (VERI-9002)
INFO: analyzing module MEMStage (VERI-9002)
INFO: analyzing module EXStage (VERI-9002)
C:/Users/AWORIN~1/AppData/Local/Temp/VivadoEditorAssist16784217701344513119.tmp(66): INFO: undeclared symbol 'ZFlag', assumed default net type 'wire' (VERI-2561)
INFO: analyzing module InstructionDecode (VERI-9002)
INFO: analyzing module RegisterFile (VERI-9002)
INFO: analyzing module InstructionFetch (VERI-9002)
INFO: analyzing module WBStage (VERI-9002)
INFO: analyzing module MUX_C (VERI-9002)
INFO: analyzing module RISC_TOP (VERI-9002)
INFO: analyzing module ALU (VERI-9002)
C:/Users/AWORIN~1/AppData/Local/Temp/VivadoEditorAssist15646302483234999690.tmp(23): WARNING: overwriting previous definition of module 'ALU' (VERI-1206)
INFO: analyzing module ALU_testbench (VERI-9002)
C:/Users/Aworinde David/Downloads/HW5/HW5.srcs/sources_1/new/tb.v(25): WARNING: overwriting previous definition of module 'ALU_testbench' (VERI-1206)
INFO: analyzing module MEMStage (VERI-9002)
C:/Users/AWORIN~1/AppData/Local/Temp/VivadoEditorAssist8145304219080394782.tmp(23): WARNING: overwriting previous definition of module 'MEMStage' (VERI-1206)
INFO: analyzing module EXStage (VERI-9002)
C:/Users/AWORIN~1/AppData/Local/Temp/VivadoEditorAssist16784217701344513119.tmp(66): INFO: undeclared symbol 'ZFlag', assumed default net type 'wire' (VERI-2561)
C:/Users/AWORIN~1/AppData/Local/Temp/VivadoEditorAssist16784217701344513119.tmp(23): WARNING: overwriting previous definition of module 'EXStage' (VERI-1206)
INFO: analyzing module InstructionDecode (VERI-9002)
C:/Users/AWORIN~1/AppData/Local/Temp/VivadoEditorAssist10004862112217337901.tmp(23): WARNING: overwriting previous definition of module 'InstructionDecode' (VERI-1206)
INFO: analyzing module RegisterFile (VERI-9002)
C:/Users/AWORIN~1/AppData/Local/Temp/VivadoEditorAssist8397912903832058772.tmp(23): WARNING: overwriting previous definition of module 'RegisterFile' (VERI-1206)
INFO: analyzing module InstructionFetch (VERI-9002)
C:/Users/AWORIN~1/AppData/Local/Temp/VivadoEditorAssist10886097094684645980.tmp(23): WARNING: overwriting previous definition of module 'InstructionFetch' (VERI-1206)
INFO: analyzing module WBStage (VERI-9002)
C:/Users/AWORIN~1/AppData/Local/Temp/VivadoEditorAssist15134835395289843970.tmp(23): WARNING: overwriting previous definition of module 'WBStage' (VERI-1206)
INFO: analyzing module MUX_C (VERI-9002)
C:/Users/AWORIN~1/AppData/Local/Temp/VivadoEditorAssist4384061550659979077.tmp(23): WARNING: overwriting previous definition of module 'MUX_C' (VERI-1206)
INFO: analyzing module RISC_TOP (VERI-9002)
C:/Users/Aworinde David/Downloads/HW5/HW5.srcs/sources_1/new/RISC_TOP.v(23): WARNING: overwriting previous definition of module 'RISC_TOP' (VERI-1206)
srcscan exits with return value 0
